<?xml version="1.0" encoding="utf-8"?>
<CoverageSession>
  <Summary numSequencePoints="378" visitedSequencePoints="378" numBranchPoints="256" visitedBranchPoints="240" sequenceCoverage="100" branchCoverage="93.75" maxCyclomaticComplexity="288" minCyclomaticComplexity="288" visitedClasses="14" numClasses="14" visitedMethods="56" numMethods="56" />
  <Modules>
    <Module hash="9071F4C1-7AA1-4766-B2F9-73DE85FD097B">
      <ModulePath>EvidentInstruction.dll</ModulePath>
      <ModuleTime>2020-09-23T06:50:00</ModuleTime>
      <ModuleName>EvidentInstruction</ModuleName>
      <Files>
        <File uid="1" fullPath="F:\Alfa2\src\EvidentInstruction\Models\File\TextFile.cs" />
        <File uid="2" fullPath="F:\Alfa2\src\EvidentInstruction\Infrastructures\StringPattern.cs" />
        <File uid="3" fullPath="F:\Alfa2\src\EvidentInstruction\Helpers\Compare.cs" />
        <File uid="4" fullPath="F:\Alfa2\src\EvidentInstruction\Helpers\Converter.cs" />
        <File uid="5" fullPath="F:\Alfa2\src\EvidentInstruction\Helpers\Credentials.cs" />
        <File uid="6" fullPath="F:\Alfa2\src\EvidentInstruction\Helpers\Generator.cs" />
        <File uid="7" fullPath="F:\Alfa2\src\EvidentInstruction\Helpers\Message.cs" />
        <File uid="8" fullPath="F:\Alfa2\src\EvidentInstruction\Helpers\Validate.cs" />
        <File uid="9" fullPath="F:\Alfa2\src\EvidentInstruction\Exceptions\FileExistException.cs" />
        <File uid="10" fullPath="F:\Alfa2\src\EvidentInstruction\Exceptions\FileExtensionException.cs" />
        <File uid="11" fullPath="F:\Alfa2\src\EvidentInstruction\Exceptions\GeneratorException.cs" />
        <File uid="12" fullPath="F:\Alfa2\src\EvidentInstruction\Exceptions\NoFileNameException.cs" />
        <File uid="13" fullPath="F:\Alfa2\src\EvidentInstruction\Exceptions\ValidFileNameException.cs" />
        <File uid="14" fullPath="F:\Alfa2\src\EvidentInstruction\Controllers\VariableController.cs" />
      </Files>
      <Classes>
        <Class>
          <Summary numSequencePoints="58" visitedSequencePoints="58" numBranchPoints="34" visitedBranchPoints="34" sequenceCoverage="100" branchCoverage="100" maxCyclomaticComplexity="10" minCyclomaticComplexity="1" visitedClasses="1" numClasses="1" visitedMethods="12" numMethods="12" />
          <FullName>EvidentInstruction.Models.TextFile</FullName>
          <Methods>
            <Method cyclomaticComplexity="1" nPathComplexity="0" sequenceCoverage="100" branchCoverage="100" isConstructor="True" isGetter="True" isSetter="False" isStatic="True">
              <Summary numSequencePoints="1" visitedSequencePoints="1" numBranchPoints="0" visitedBranchPoints="0" sequenceCoverage="100" branchCoverage="100" maxCyclomaticComplexity="1" minCyclomaticComplexity="1" visitedClasses="0" numClasses="0" visitedMethods="1" numMethods="1" />
              <MetadataToken />
              <Name>EvidentInstruction.Models.Directory.Interfaces.IDirectory EvidentInstruction.Models.TextFile::get_UserDirectory()</Name>
              <FileRef uid="1" />
              <SequencePoints>
                <SequencePoint vc="48" uspid="12" ordinal="0" sl="12" sc="1" el="12" ec="2" bec="0" bev="0" fileid="1" />
              </SequencePoints>
              <BranchPoints />
              <MethodPoint vc="1" uspid="0" p8:type="SequencePoint" ordinal="0" offset="0" sc="0" sl="12" ec="1" el="12" bec="0" bev="0" fileid="1" xmlns:p8="xsi" />
            </Method>
            <Method cyclomaticComplexity="1" nPathComplexity="0" sequenceCoverage="100" branchCoverage="100" isConstructor="False" isGetter="True" isSetter="False" isStatic="True">
              <Summary numSequencePoints="1" visitedSequencePoints="1" numBranchPoints="0" visitedBranchPoints="0" sequenceCoverage="100" branchCoverage="100" maxCyclomaticComplexity="1" minCyclomaticComplexity="1" visitedClasses="0" numClasses="0" visitedMethods="1" numMethods="1" />
              <MetadataToken />
              <Name>System.String EvidentInstruction.Models.TextFile::get_Filename()</Name>
              <FileRef uid="1" />
              <SequencePoints>
                <SequencePoint vc="64" uspid="13" ordinal="0" sl="13" sc="1" el="13" ec="2" bec="0" bev="0" fileid="1" />
              </SequencePoints>
              <BranchPoints />
              <MethodPoint vc="1" uspid="0" p8:type="SequencePoint" ordinal="1" offset="1" sc="0" sl="13" ec="1" el="13" bec="0" bev="0" fileid="1" xmlns:p8="xsi" />
            </Method>
            <Method cyclomaticComplexity="1" nPathComplexity="0" sequenceCoverage="100" branchCoverage="100" isConstructor="False" isGetter="True" isSetter="False" isStatic="True">
              <Summary numSequencePoints="1" visitedSequencePoints="1" numBranchPoints="0" visitedBranchPoints="0" sequenceCoverage="100" branchCoverage="100" maxCyclomaticComplexity="1" minCyclomaticComplexity="1" visitedClasses="0" numClasses="0" visitedMethods="1" numMethods="1" />
              <MetadataToken />
              <Name>System.String EvidentInstruction.Models.TextFile::get_Path()</Name>
              <FileRef uid="1" />
              <SequencePoints>
                <SequencePoint vc="54" uspid="14" ordinal="0" sl="14" sc="1" el="14" ec="2" bec="0" bev="0" fileid="1" />
              </SequencePoints>
              <BranchPoints />
              <MethodPoint vc="1" uspid="0" p8:type="SequencePoint" ordinal="2" offset="2" sc="0" sl="14" ec="1" el="14" bec="0" bev="0" fileid="1" xmlns:p8="xsi" />
            </Method>
            <Method cyclomaticComplexity="1" nPathComplexity="0" sequenceCoverage="100" branchCoverage="100" isConstructor="False" isGetter="True" isSetter="False" isStatic="True">
              <Summary numSequencePoints="1" visitedSequencePoints="1" numBranchPoints="0" visitedBranchPoints="0" sequenceCoverage="100" branchCoverage="100" maxCyclomaticComplexity="1" minCyclomaticComplexity="1" visitedClasses="0" numClasses="0" visitedMethods="1" numMethods="1" />
              <MetadataToken />
              <Name>System.String EvidentInstruction.Models.TextFile::get_Content()</Name>
              <FileRef uid="1" />
              <SequencePoints>
                <SequencePoint vc="22" uspid="15" ordinal="0" sl="15" sc="1" el="15" ec="2" bec="0" bev="0" fileid="1" />
              </SequencePoints>
              <BranchPoints />
              <MethodPoint vc="1" uspid="0" p8:type="SequencePoint" ordinal="3" offset="3" sc="0" sl="15" ec="1" el="15" bec="0" bev="0" fileid="1" xmlns:p8="xsi" />
            </Method>
            <Method cyclomaticComplexity="1" nPathComplexity="0" sequenceCoverage="100" branchCoverage="100" isConstructor="False" isGetter="True" isSetter="False" isStatic="True">
              <Summary numSequencePoints="1" visitedSequencePoints="1" numBranchPoints="0" visitedBranchPoints="0" sequenceCoverage="100" branchCoverage="100" maxCyclomaticComplexity="1" minCyclomaticComplexity="1" visitedClasses="0" numClasses="0" visitedMethods="1" numMethods="1" />
              <MetadataToken />
              <Name>System.String EvidentInstruction.Models.TextFile::get_Url()</Name>
              <FileRef uid="1" />
              <SequencePoints>
                <SequencePoint vc="16" uspid="16" ordinal="0" sl="16" sc="1" el="16" ec="2" bec="0" bev="0" fileid="1" />
              </SequencePoints>
              <BranchPoints />
              <MethodPoint vc="1" uspid="0" p8:type="SequencePoint" ordinal="4" offset="4" sc="0" sl="16" ec="1" el="16" bec="0" bev="0" fileid="1" xmlns:p8="xsi" />
            </Method>
            <Method cyclomaticComplexity="4" nPathComplexity="0" sequenceCoverage="100" branchCoverage="100" isConstructor="False" isGetter="False" isSetter="False" isStatic="True">
              <Summary numSequencePoints="4" visitedSequencePoints="4" numBranchPoints="4" visitedBranchPoints="4" sequenceCoverage="100" branchCoverage="100" maxCyclomaticComplexity="4" minCyclomaticComplexity="4" visitedClasses="0" numClasses="0" visitedMethods="1" numMethods="1" />
              <MetadataToken />
              <Name>System.Boolean EvidentInstruction.Models.TextFile::IsExist(System.String,System.String)</Name>
              <FileRef uid="1" />
              <SequencePoints>
                <SequencePoint vc="22" uspid="24" ordinal="0" sl="24" sc="1" el="24" ec="2" bec="2" bev="2" fileid="1" />
                <SequencePoint vc="2" uspid="26" ordinal="1" sl="26" sc="1" el="26" ec="2" bec="0" bev="0" fileid="1" />
                <SequencePoint vc="22" uspid="29" ordinal="2" sl="29" sc="1" el="29" ec="2" bec="0" bev="0" fileid="1" />
                <SequencePoint vc="22" uspid="31" ordinal="3" sl="31" sc="1" el="31" ec="2" bec="2" bev="2" fileid="1" />
              </SequencePoints>
              <BranchPoints>
                <BranchPoint vc="2" uspid="24" ordinal="0" path="0" offset="6" offsetend="8" sl="24" fileid="1" />
                <BranchPoint vc="22" uspid="24" ordinal="1" path="1" offset="6" offsetend="21" sl="24" fileid="1" />
                <BranchPoint vc="10" uspid="31" ordinal="2" path="0" offset="47" offsetend="49" sl="31" fileid="1" />
                <BranchPoint vc="12" uspid="31" ordinal="3" path="1" offset="47" offsetend="51" sl="31" fileid="1" />
              </BranchPoints>
              <MethodPoint vc="4" uspid="0" p8:type="SequencePoint" ordinal="5" offset="5" sc="0" sl="24" ec="1" el="31" bec="0" bev="0" fileid="1" xmlns:p8="xsi" />
            </Method>
            <Method cyclomaticComplexity="8" nPathComplexity="0" sequenceCoverage="100" branchCoverage="100" isConstructor="False" isGetter="False" isSetter="False" isStatic="True">
              <Summary numSequencePoints="11" visitedSequencePoints="11" numBranchPoints="8" visitedBranchPoints="8" sequenceCoverage="100" branchCoverage="100" maxCyclomaticComplexity="8" minCyclomaticComplexity="8" visitedClasses="0" numClasses="0" visitedMethods="1" numMethods="1" />
              <MetadataToken />
              <Name>System.Boolean EvidentInstruction.Models.TextFile::DownloadFile(System.String,System.String,System.String)</Name>
              <FileRef uid="1" />
              <SequencePoints>
                <SequencePoint vc="5" uspid="36" ordinal="0" sl="36" sc="1" el="36" ec="2" bec="2" bev="2" fileid="1" />
                <SequencePoint vc="1" uspid="38" ordinal="1" sl="38" sc="1" el="38" ec="2" bec="0" bev="0" fileid="1" />
                <SequencePoint vc="5" uspid="41" ordinal="2" sl="41" sc="1" el="41" ec="2" bec="2" bev="2" fileid="1" />
                <SequencePoint vc="1" uspid="43" ordinal="3" sl="43" sc="1" el="43" ec="2" bec="0" bev="0" fileid="1" />
                <SequencePoint vc="1" uspid="44" ordinal="4" sl="44" sc="1" el="44" ec="2" bec="0" bev="0" fileid="1" />
                <SequencePoint vc="4" uspid="48" ordinal="5" sl="48" sc="1" el="48" ec="2" bec="0" bev="0" fileid="1" />
                <SequencePoint vc="4" uspid="49" ordinal="6" sl="49" sc="1" el="49" ec="2" bec="2" bev="2" fileid="1" />
                <SequencePoint vc="5" uspid="51" ordinal="7" sl="51" sc="1" el="51" ec="2" bec="2" bev="2" fileid="1" />
                <SequencePoint vc="1" uspid="52" ordinal="8" sl="52" sc="1" el="52" ec="2" bec="0" bev="0" fileid="1" />
                <SequencePoint vc="1" uspid="56" ordinal="9" sl="56" sc="1" el="56" ec="2" bec="0" bev="0" fileid="1" />
                <SequencePoint vc="1" uspid="57" ordinal="10" sl="57" sc="1" el="57" ec="2" bec="0" bev="0" fileid="1" />
              </SequencePoints>
              <BranchPoints>
                <BranchPoint vc="1" uspid="36" ordinal="0" path="0" offset="6" offsetend="8" sl="36" fileid="1" />
                <BranchPoint vc="5" uspid="36" ordinal="1" path="1" offset="6" offsetend="21" sl="36" fileid="1" />
                <BranchPoint vc="1" uspid="41" ordinal="2" path="0" offset="27" offsetend="29" sl="41" fileid="1" />
                <BranchPoint vc="4" uspid="41" ordinal="3" path="1" offset="27" offsetend="55" sl="41" fileid="1" />
                <BranchPoint vc="3" uspid="49" ordinal="4" path="0" offset="67" offsetend="69" sl="49" fileid="1" />
                <BranchPoint vc="2" uspid="51" ordinal="6" path="0" offset="83" offsetend="85" sl="51" fileid="1" />
                <BranchPoint vc="1" uspid="51" ordinal="7" path="1" offset="83" offsetend="87" sl="51" fileid="1" />
                <BranchPoint vc="1" uspid="49" ordinal="5" path="1" offset="67" offsetend="89" sl="49" fileid="1" />
              </BranchPoints>
              <MethodPoint vc="11" uspid="0" p8:type="SequencePoint" ordinal="6" offset="6" sc="0" sl="36" ec="1" el="57" bec="0" bev="0" fileid="1" xmlns:p8="xsi" />
            </Method>
            <Method cyclomaticComplexity="10" nPathComplexity="0" sequenceCoverage="100" branchCoverage="100" isConstructor="False" isGetter="False" isSetter="False" isStatic="True">
              <Summary numSequencePoints="14" visitedSequencePoints="14" numBranchPoints="10" visitedBranchPoints="10" sequenceCoverage="100" branchCoverage="100" maxCyclomaticComplexity="10" minCyclomaticComplexity="10" visitedClasses="0" numClasses="0" visitedMethods="1" numMethods="1" />
              <MetadataToken />
              <Name>System.Boolean EvidentInstruction.Models.TextFile::Create(System.String,System.String,System.String)</Name>
              <FileRef uid="1" />
              <SequencePoints>
                <SequencePoint vc="9" uspid="64" ordinal="0" sl="64" sc="1" el="64" ec="2" bec="2" bev="2" fileid="1" />
                <SequencePoint vc="1" uspid="66" ordinal="1" sl="66" sc="1" el="66" ec="2" bec="0" bev="0" fileid="1" />
                <SequencePoint vc="9" uspid="69" ordinal="2" sl="69" sc="1" el="69" ec="2" bec="0" bev="0" fileid="1" />
                <SequencePoint vc="9" uspid="70" ordinal="3" sl="70" sc="1" el="70" ec="2" bec="2" bev="2" fileid="1" />
                <SequencePoint vc="8" uspid="72" ordinal="4" sl="72" sc="1" el="72" ec="2" bec="0" bev="0" fileid="1" />
                <SequencePoint vc="8" uspid="74" ordinal="5" sl="74" sc="1" el="74" ec="2" bec="2" bev="2" fileid="1" />
                <SequencePoint vc="7" uspid="76" ordinal="6" sl="76" sc="1" el="76" ec="2" bec="0" bev="0" fileid="1" />
                <SequencePoint vc="7" uspid="77" ordinal="7" sl="77" sc="1" el="77" ec="2" bec="2" bev="2" fileid="1" />
                <SequencePoint vc="5" uspid="79" ordinal="8" sl="79" sc="1" el="79" ec="2" bec="2" bev="2" fileid="1" />
                <SequencePoint vc="2" uspid="81" ordinal="9" sl="81" sc="1" el="81" ec="2" bec="0" bev="0" fileid="1" />
                <SequencePoint vc="3" uspid="86" ordinal="10" sl="86" sc="1" el="86" ec="2" bec="0" bev="0" fileid="1" />
                <SequencePoint vc="2" uspid="91" ordinal="11" sl="91" sc="1" el="91" ec="2" bec="0" bev="0" fileid="1" />
                <SequencePoint vc="1" uspid="97" ordinal="12" sl="97" sc="1" el="97" ec="2" bec="0" bev="0" fileid="1" />
                <SequencePoint vc="1" uspid="102" ordinal="13" sl="102" sc="1" el="102" ec="2" bec="0" bev="0" fileid="1" />
              </SequencePoints>
              <BranchPoints>
                <BranchPoint vc="1" uspid="64" ordinal="0" path="0" offset="6" offsetend="8" sl="64" fileid="1" />
                <BranchPoint vc="9" uspid="64" ordinal="1" path="1" offset="6" offsetend="21" sl="64" fileid="1" />
                <BranchPoint vc="8" uspid="70" ordinal="2" path="0" offset="27" offsetend="29" sl="70" fileid="1" />
                <BranchPoint vc="7" uspid="74" ordinal="4" path="0" offset="41" offsetend="43" sl="74" fileid="1" />
                <BranchPoint vc="5" uspid="77" ordinal="6" path="0" offset="51" offsetend="53" sl="77" fileid="1" />
                <BranchPoint vc="2" uspid="79" ordinal="8" path="0" offset="59" offsetend="61" sl="79" fileid="1" />
                <BranchPoint vc="3" uspid="79" ordinal="9" path="1" offset="59" offsetend="76" sl="79" fileid="1" />
                <BranchPoint vc="2" uspid="77" ordinal="7" path="1" offset="51" offsetend="91" sl="77" fileid="1" />
                <BranchPoint vc="1" uspid="74" ordinal="5" path="1" offset="41" offsetend="106" sl="74" fileid="1" />
                <BranchPoint vc="1" uspid="70" ordinal="3" path="1" offset="27" offsetend="128" sl="70" fileid="1" />
              </BranchPoints>
              <MethodPoint vc="14" uspid="0" p8:type="SequencePoint" ordinal="7" offset="7" sc="0" sl="64" ec="1" el="102" bec="0" bev="0" fileid="1" xmlns:p8="xsi" />
            </Method>
            <Method cyclomaticComplexity="6" nPathComplexity="0" sequenceCoverage="100" branchCoverage="100" isConstructor="False" isGetter="False" isSetter="False" isStatic="True">
              <Summary numSequencePoints="10" visitedSequencePoints="10" numBranchPoints="6" visitedBranchPoints="6" sequenceCoverage="100" branchCoverage="100" maxCyclomaticComplexity="6" minCyclomaticComplexity="6" visitedClasses="0" numClasses="0" visitedMethods="1" numMethods="1" />
              <MetadataToken />
              <Name>System.Boolean EvidentInstruction.Models.TextFile::Delete(System.String,System.String)</Name>
              <FileRef uid="1" />
              <SequencePoints>
                <SequencePoint vc="6" uspid="108" ordinal="0" sl="108" sc="1" el="108" ec="2" bec="2" bev="2" fileid="1" />
                <SequencePoint vc="2" uspid="110" ordinal="1" sl="110" sc="1" el="110" ec="2" bec="0" bev="0" fileid="1" />
                <SequencePoint vc="6" uspid="113" ordinal="2" sl="113" sc="1" el="113" ec="2" bec="2" bev="2" fileid="1" />
                <SequencePoint vc="1" uspid="115" ordinal="3" sl="115" sc="1" el="115" ec="2" bec="0" bev="0" fileid="1" />
                <SequencePoint vc="1" uspid="116" ordinal="4" sl="116" sc="1" el="116" ec="2" bec="0" bev="0" fileid="1" />
                <SequencePoint vc="5" uspid="119" ordinal="5" sl="119" sc="1" el="119" ec="2" bec="2" bev="2" fileid="1" />
                <SequencePoint vc="2" uspid="121" ordinal="6" sl="121" sc="1" el="121" ec="2" bec="0" bev="0" fileid="1" />
                <SequencePoint vc="2" uspid="122" ordinal="7" sl="122" sc="1" el="122" ec="2" bec="0" bev="0" fileid="1" />
                <SequencePoint vc="3" uspid="126" ordinal="8" sl="126" sc="1" el="126" ec="2" bec="0" bev="0" fileid="1" />
                <SequencePoint vc="3" uspid="127" ordinal="9" sl="127" sc="1" el="127" ec="2" bec="0" bev="0" fileid="1" />
              </SequencePoints>
              <BranchPoints>
                <BranchPoint vc="2" uspid="108" ordinal="0" path="0" offset="6" offsetend="8" sl="108" fileid="1" />
                <BranchPoint vc="6" uspid="108" ordinal="1" path="1" offset="6" offsetend="21" sl="108" fileid="1" />
                <BranchPoint vc="1" uspid="113" ordinal="2" path="0" offset="27" offsetend="29" sl="113" fileid="1" />
                <BranchPoint vc="5" uspid="113" ordinal="3" path="1" offset="27" offsetend="55" sl="113" fileid="1" />
                <BranchPoint vc="2" uspid="119" ordinal="4" path="0" offset="63" offsetend="65" sl="119" fileid="1" />
                <BranchPoint vc="3" uspid="119" ordinal="5" path="1" offset="63" offsetend="92" sl="119" fileid="1" />
              </BranchPoints>
              <MethodPoint vc="10" uspid="0" p8:type="SequencePoint" ordinal="8" offset="8" sc="0" sl="108" ec="1" el="127" bec="0" bev="0" fileid="1" xmlns:p8="xsi" />
            </Method>
            <Method cyclomaticComplexity="6" nPathComplexity="0" sequenceCoverage="100" branchCoverage="100" isConstructor="False" isGetter="False" isSetter="False" isStatic="True">
              <Summary numSequencePoints="9" visitedSequencePoints="9" numBranchPoints="6" visitedBranchPoints="6" sequenceCoverage="100" branchCoverage="100" maxCyclomaticComplexity="6" minCyclomaticComplexity="6" visitedClasses="0" numClasses="0" visitedMethods="1" numMethods="1" />
              <MetadataToken />
              <Name>System.String EvidentInstruction.Models.TextFile::GetContent(System.String,System.String)</Name>
              <FileRef uid="1" />
              <SequencePoints>
                <SequencePoint vc="10" uspid="133" ordinal="0" sl="133" sc="1" el="133" ec="2" bec="2" bev="2" fileid="1" />
                <SequencePoint vc="3" uspid="135" ordinal="1" sl="135" sc="1" el="135" ec="2" bec="0" bev="0" fileid="1" />
                <SequencePoint vc="10" uspid="138" ordinal="2" sl="138" sc="1" el="138" ec="2" bec="2" bev="2" fileid="1" />
                <SequencePoint vc="3" uspid="140" ordinal="3" sl="140" sc="1" el="140" ec="2" bec="0" bev="0" fileid="1" />
                <SequencePoint vc="3" uspid="141" ordinal="4" sl="141" sc="1" el="141" ec="2" bec="0" bev="0" fileid="1" />
                <SequencePoint vc="7" uspid="144" ordinal="5" sl="144" sc="1" el="144" ec="2" bec="2" bev="2" fileid="1" />
                <SequencePoint vc="6" uspid="146" ordinal="6" sl="146" sc="1" el="146" ec="2" bec="0" bev="0" fileid="1" />
                <SequencePoint vc="1" uspid="150" ordinal="7" sl="150" sc="1" el="150" ec="2" bec="0" bev="0" fileid="1" />
                <SequencePoint vc="1" uspid="151" ordinal="8" sl="151" sc="1" el="151" ec="2" bec="0" bev="0" fileid="1" />
              </SequencePoints>
              <BranchPoints>
                <BranchPoint vc="3" uspid="133" ordinal="0" path="0" offset="6" offsetend="8" sl="133" fileid="1" />
                <BranchPoint vc="10" uspid="133" ordinal="1" path="1" offset="6" offsetend="21" sl="133" fileid="1" />
                <BranchPoint vc="3" uspid="138" ordinal="2" path="0" offset="27" offsetend="29" sl="138" fileid="1" />
                <BranchPoint vc="7" uspid="138" ordinal="3" path="1" offset="27" offsetend="55" sl="138" fileid="1" />
                <BranchPoint vc="6" uspid="144" ordinal="4" path="0" offset="63" offsetend="65" sl="144" fileid="1" />
                <BranchPoint vc="1" uspid="144" ordinal="5" path="1" offset="63" offsetend="79" sl="144" fileid="1" />
              </BranchPoints>
              <MethodPoint vc="9" uspid="0" p8:type="SequencePoint" ordinal="9" offset="9" sc="0" sl="133" ec="1" el="151" bec="0" bev="0" fileid="1" xmlns:p8="xsi" />
            </Method>
            <Method cyclomaticComplexity="1" nPathComplexity="0" sequenceCoverage="100" branchCoverage="100" isConstructor="False" isGetter="False" isSetter="False" isStatic="True">
              <Summary numSequencePoints="2" visitedSequencePoints="2" numBranchPoints="0" visitedBranchPoints="0" sequenceCoverage="100" branchCoverage="100" maxCyclomaticComplexity="1" minCyclomaticComplexity="1" visitedClasses="0" numClasses="0" visitedMethods="1" numMethods="1" />
              <MetadataToken />
              <Name>System.Void EvidentInstruction.Models.TextFile::Dispose()</Name>
              <FileRef uid="1" />
              <SequencePoints>
                <SequencePoint vc="1" uspid="157" ordinal="0" sl="157" sc="1" el="157" ec="2" bec="0" bev="0" fileid="1" />
                <SequencePoint vc="1" uspid="158" ordinal="1" sl="158" sc="1" el="158" ec="2" bec="0" bev="0" fileid="1" />
              </SequencePoints>
              <BranchPoints />
              <MethodPoint vc="2" uspid="0" p8:type="SequencePoint" ordinal="10" offset="10" sc="0" sl="157" ec="1" el="158" bec="0" bev="0" fileid="1" xmlns:p8="xsi" />
            </Method>
            <Method cyclomaticComplexity="1" nPathComplexity="0" sequenceCoverage="100" branchCoverage="100" isConstructor="True" isGetter="False" isSetter="False" isStatic="True">
              <Summary numSequencePoints="3" visitedSequencePoints="3" numBranchPoints="0" visitedBranchPoints="0" sequenceCoverage="100" branchCoverage="100" maxCyclomaticComplexity="1" minCyclomaticComplexity="1" visitedClasses="0" numClasses="0" visitedMethods="1" numMethods="1" />
              <MetadataToken />
              <Name>System.Void EvidentInstruction.Models.TextFile::.ctor()</Name>
              <FileRef uid="1" />
              <SequencePoints>
                <SequencePoint vc="34" uspid="18" ordinal="0" sl="18" sc="1" el="18" ec="2" bec="0" bev="0" fileid="1" />
                <SequencePoint vc="34" uspid="19" ordinal="1" sl="19" sc="1" el="19" ec="2" bec="0" bev="0" fileid="1" />
                <SequencePoint vc="34" uspid="20" ordinal="2" sl="20" sc="1" el="20" ec="2" bec="0" bev="0" fileid="1" />
              </SequencePoints>
              <BranchPoints />
              <MethodPoint vc="3" uspid="0" p8:type="SequencePoint" ordinal="11" offset="11" sc="0" sl="18" ec="1" el="20" bec="0" bev="0" fileid="1" xmlns:p8="xsi" />
            </Method>
          </Methods>
        </Class>
        <Class>
          <Summary numSequencePoints="2" visitedSequencePoints="2" numBranchPoints="0" visitedBranchPoints="0" sequenceCoverage="100" branchCoverage="100" maxCyclomaticComplexity="1" minCyclomaticComplexity="1" visitedClasses="1" numClasses="1" visitedMethods="1" numMethods="1" />
          <FullName>EvidentInstruction.Infrastructures.StringPattern</FullName>
          <Methods>
            <Method cyclomaticComplexity="1" nPathComplexity="0" sequenceCoverage="100" branchCoverage="100" isConstructor="True" isGetter="False" isSetter="False" isStatic="True">
              <Summary numSequencePoints="2" visitedSequencePoints="2" numBranchPoints="0" visitedBranchPoints="0" sequenceCoverage="100" branchCoverage="100" maxCyclomaticComplexity="1" minCyclomaticComplexity="1" visitedClasses="0" numClasses="0" visitedMethods="1" numMethods="1" />
              <MetadataToken />
              <Name>System.Void EvidentInstruction.Infrastructures.StringPattern::.cctor()</Name>
              <FileRef uid="2" />
              <SequencePoints>
                <SequencePoint vc="1" uspid="5" ordinal="0" sl="5" sc="1" el="5" ec="2" bec="0" bev="0" fileid="2" />
                <SequencePoint vc="1" uspid="6" ordinal="1" sl="6" sc="1" el="6" ec="2" bec="0" bev="0" fileid="2" />
              </SequencePoints>
              <BranchPoints />
              <MethodPoint vc="2" uspid="0" p8:type="SequencePoint" ordinal="0" offset="0" sc="0" sl="5" ec="1" el="6" bec="0" bev="0" fileid="2" xmlns:p8="xsi" />
            </Method>
          </Methods>
        </Class>
        <Class>
          <Summary numSequencePoints="13" visitedSequencePoints="13" numBranchPoints="12" visitedBranchPoints="12" sequenceCoverage="100" branchCoverage="100" maxCyclomaticComplexity="12" minCyclomaticComplexity="12" visitedClasses="1" numClasses="1" visitedMethods="1" numMethods="1" />
          <FullName>EvidentInstruction.Helpers.Compare</FullName>
          <Methods>
            <Method cyclomaticComplexity="12" nPathComplexity="0" sequenceCoverage="100" branchCoverage="100" isConstructor="False" isGetter="False" isSetter="False" isStatic="True">
              <Summary numSequencePoints="13" visitedSequencePoints="13" numBranchPoints="12" visitedBranchPoints="12" sequenceCoverage="100" branchCoverage="100" maxCyclomaticComplexity="12" minCyclomaticComplexity="12" visitedClasses="0" numClasses="0" visitedMethods="1" numMethods="1" />
              <MetadataToken />
              <Name>System.Boolean EvidentInstruction.Helpers.Compare::AreTablesTheSame(System.Data.DataTable,System.Data.DataTable)</Name>
              <FileRef uid="3" />
              <SequencePoints>
                <SequencePoint vc="3" uspid="11" ordinal="0" sl="11" sc="1" el="11" ec="2" bec="0" bev="0" fileid="3" />
                <SequencePoint vc="3" uspid="12" ordinal="1" sl="12" sc="1" el="12" ec="2" bec="4" bev="4" fileid="3" />
                <SequencePoint vc="1" uspid="14" ordinal="2" sl="14" sc="1" el="14" ec="2" bec="0" bev="0" fileid="3" />
                <SequencePoint vc="1" uspid="15" ordinal="3" sl="15" sc="1" el="15" ec="2" bec="0" bev="0" fileid="3" />
                <SequencePoint vc="1" uspid="16" ordinal="4" sl="16" sc="1" el="16" ec="2" bec="0" bev="0" fileid="3" />
                <SequencePoint vc="8" uspid="19" ordinal="5" sl="19" sc="1" el="19" ec="2" bec="2" bev="2" fileid="3" />
                <SequencePoint vc="12" uspid="21" ordinal="6" sl="21" sc="1" el="21" ec="2" bec="2" bev="2" fileid="3" />
                <SequencePoint vc="4" uspid="23" ordinal="7" sl="23" sc="1" el="23" ec="2" bec="2" bev="2" fileid="3" />
                <SequencePoint vc="1" uspid="25" ordinal="8" sl="25" sc="1" el="25" ec="2" bec="0" bev="0" fileid="3" />
                <SequencePoint vc="2" uspid="29" ordinal="9" sl="29" sc="1" el="29" ec="2" bec="2" bev="2" fileid="3" />
                <SequencePoint vc="1" uspid="31" ordinal="10" sl="31" sc="1" el="31" ec="2" bec="0" bev="0" fileid="3" />
                <SequencePoint vc="1" uspid="32" ordinal="11" sl="32" sc="1" el="32" ec="2" bec="0" bev="0" fileid="3" />
                <SequencePoint vc="1" uspid="35" ordinal="12" sl="35" sc="1" el="35" ec="2" bec="0" bev="0" fileid="3" />
              </SequencePoints>
              <BranchPoints>
                <BranchPoint vc="3" uspid="12" ordinal="0" path="0" offset="28" offsetend="30" sl="12" fileid="3" />
                <BranchPoint vc="1" uspid="12" ordinal="1" path="1" offset="28" offsetend="54" sl="12" fileid="3" />
                <BranchPoint vc="1" uspid="12" ordinal="2" path="0" offset="52" offsetend="54" sl="12" fileid="3" />
                <BranchPoint vc="2" uspid="12" ordinal="3" path="1" offset="52" offsetend="155" sl="12" fileid="3" />
                <BranchPoint vc="2" uspid="19" ordinal="9" path="1" offset="331" offsetend="162" sl="19" fileid="3" />
                <BranchPoint vc="4" uspid="21" ordinal="7" path="1" offset="310" offsetend="169" sl="21" fileid="3" />
                <BranchPoint vc="1" uspid="23" ordinal="4" path="0" offset="210" offsetend="212" sl="23" fileid="3" />
                <BranchPoint vc="4" uspid="23" ordinal="5" path="1" offset="210" offsetend="294" sl="23" fileid="3" />
                <BranchPoint vc="2" uspid="21" ordinal="6" path="0" offset="310" offsetend="315" sl="21" fileid="3" />
                <BranchPoint vc="2" uspid="19" ordinal="8" path="0" offset="331" offsetend="336" sl="19" fileid="3" />
                <BranchPoint vc="1" uspid="29" ordinal="10" path="0" offset="342" offsetend="344" sl="29" fileid="3" />
                <BranchPoint vc="1" uspid="29" ordinal="11" path="1" offset="342" offsetend="362" sl="29" fileid="3" />
              </BranchPoints>
              <MethodPoint vc="13" uspid="0" p8:type="SequencePoint" ordinal="0" offset="0" sc="0" sl="11" ec="1" el="35" bec="0" bev="0" fileid="3" xmlns:p8="xsi" />
            </Method>
          </Methods>
        </Class>
        <Class>
          <Summary numSequencePoints="38" visitedSequencePoints="38" numBranchPoints="4" visitedBranchPoints="4" sequenceCoverage="100" branchCoverage="100" maxCyclomaticComplexity="2" minCyclomaticComplexity="1" visitedClasses="1" numClasses="1" visitedMethods="5" numMethods="5" />
          <FullName>EvidentInstruction.Helpers.Converter</FullName>
          <Methods>
            <Method cyclomaticComplexity="2" nPathComplexity="0" sequenceCoverage="100" branchCoverage="100" isConstructor="False" isGetter="False" isSetter="False" isStatic="True">
              <Summary numSequencePoints="10" visitedSequencePoints="10" numBranchPoints="2" visitedBranchPoints="2" sequenceCoverage="100" branchCoverage="100" maxCyclomaticComplexity="2" minCyclomaticComplexity="2" visitedClasses="0" numClasses="0" visitedMethods="1" numMethods="1" />
              <MetadataToken />
              <Name>System.Collections.IEnumerable EvidentInstruction.Helpers.Converter::CreateEnumerable(System.String,System.String)</Name>
              <FileRef uid="4" />
              <SequencePoints>
                <SequencePoint vc="8" uspid="18" ordinal="0" sl="18" sc="1" el="18" ec="2" bec="0" bev="0" fileid="4" />
                <SequencePoint vc="12" uspid="19" ordinal="1" sl="19" sc="1" el="19" ec="2" bec="0" bev="0" fileid="4" />
                <SequencePoint vc="5" uspid="20" ordinal="2" sl="20" sc="1" el="20" ec="2" bec="0" bev="0" fileid="4" />
                <SequencePoint vc="3" uspid="22" ordinal="3" sl="22" sc="1" el="22" ec="2" bec="0" bev="0" fileid="4" />
                <SequencePoint vc="3" uspid="24" ordinal="4" sl="24" sc="1" el="24" ec="2" bec="2" bev="2" fileid="4" />
                <SequencePoint vc="2" uspid="26" ordinal="5" sl="26" sc="1" el="26" ec="2" bec="0" bev="0" fileid="4" />
                <SequencePoint vc="2" uspid="27" ordinal="6" sl="27" sc="1" el="27" ec="2" bec="0" bev="0" fileid="4" />
                <SequencePoint vc="1" uspid="31" ordinal="7" sl="31" sc="1" el="31" ec="2" bec="0" bev="0" fileid="4" />
                <SequencePoint vc="1" uspid="32" ordinal="8" sl="32" sc="1" el="32" ec="2" bec="0" bev="0" fileid="4" />
                <SequencePoint vc="8" uspid="35" ordinal="9" sl="35" sc="1" el="35" ec="2" bec="0" bev="0" fileid="4" />
              </SequencePoints>
              <BranchPoints>
                <BranchPoint vc="2" uspid="24" ordinal="0" path="0" offset="64" offsetend="66" sl="24" fileid="4" />
                <BranchPoint vc="1" uspid="24" ordinal="1" path="1" offset="64" offsetend="85" sl="24" fileid="4" />
              </BranchPoints>
              <MethodPoint vc="10" uspid="0" p8:type="SequencePoint" ordinal="0" offset="0" sc="0" sl="18" ec="1" el="35" bec="0" bev="0" fileid="4" xmlns:p8="xsi" />
            </Method>
            <Method cyclomaticComplexity="1" nPathComplexity="0" sequenceCoverage="100" branchCoverage="100" isConstructor="False" isGetter="False" isSetter="False" isStatic="True">
              <Summary numSequencePoints="5" visitedSequencePoints="5" numBranchPoints="0" visitedBranchPoints="0" sequenceCoverage="100" branchCoverage="100" maxCyclomaticComplexity="1" minCyclomaticComplexity="1" visitedClasses="0" numClasses="0" visitedMethods="1" numMethods="1" />
              <MetadataToken />
              <Name>System.Xml.Linq.XDocument EvidentInstruction.Helpers.Converter::CreateXDoc(System.String)</Name>
              <FileRef uid="4" />
              <SequencePoints>
                <SequencePoint vc="2" uspid="41" ordinal="0" sl="41" sc="1" el="41" ec="2" bec="0" bev="0" fileid="4" />
                <SequencePoint vc="1" uspid="43" ordinal="1" sl="43" sc="1" el="43" ec="2" bec="0" bev="0" fileid="4" />
                <SequencePoint vc="1" uspid="45" ordinal="2" sl="45" sc="1" el="45" ec="2" bec="0" bev="0" fileid="4" />
                <SequencePoint vc="1" uspid="46" ordinal="3" sl="46" sc="1" el="46" ec="2" bec="0" bev="0" fileid="4" />
                <SequencePoint vc="2" uspid="48" ordinal="4" sl="48" sc="1" el="48" ec="2" bec="0" bev="0" fileid="4" />
              </SequencePoints>
              <BranchPoints />
              <MethodPoint vc="5" uspid="0" p8:type="SequencePoint" ordinal="1" offset="1" sc="0" sl="41" ec="1" el="48" bec="0" bev="0" fileid="4" xmlns:p8="xsi" />
            </Method>
            <Method cyclomaticComplexity="1" nPathComplexity="0" sequenceCoverage="100" branchCoverage="100" isConstructor="False" isGetter="False" isSetter="False" isStatic="True">
              <Summary numSequencePoints="7" visitedSequencePoints="7" numBranchPoints="0" visitedBranchPoints="0" sequenceCoverage="100" branchCoverage="100" maxCyclomaticComplexity="1" minCyclomaticComplexity="1" visitedClasses="0" numClasses="0" visitedMethods="1" numMethods="1" />
              <MetadataToken />
              <Name>System.Xml.XmlDocument EvidentInstruction.Helpers.Converter::CreateXmlDoc(System.String)</Name>
              <FileRef uid="4" />
              <SequencePoints>
                <SequencePoint vc="2" uspid="54" ordinal="0" sl="54" sc="1" el="54" ec="2" bec="0" bev="0" fileid="4" />
                <SequencePoint vc="2" uspid="55" ordinal="1" sl="55" sc="1" el="55" ec="2" bec="0" bev="0" fileid="4" />
                <SequencePoint vc="1" uspid="56" ordinal="2" sl="56" sc="1" el="56" ec="2" bec="0" bev="0" fileid="4" />
                <SequencePoint vc="1" uspid="57" ordinal="3" sl="57" sc="1" el="57" ec="2" bec="0" bev="0" fileid="4" />
                <SequencePoint vc="1" uspid="59" ordinal="4" sl="59" sc="1" el="59" ec="2" bec="0" bev="0" fileid="4" />
                <SequencePoint vc="1" uspid="60" ordinal="5" sl="60" sc="1" el="60" ec="2" bec="0" bev="0" fileid="4" />
                <SequencePoint vc="2" uspid="62" ordinal="6" sl="62" sc="1" el="62" ec="2" bec="0" bev="0" fileid="4" />
              </SequencePoints>
              <BranchPoints />
              <MethodPoint vc="7" uspid="0" p8:type="SequencePoint" ordinal="2" offset="2" sc="0" sl="54" ec="1" el="62" bec="0" bev="0" fileid="4" xmlns:p8="xsi" />
            </Method>
            <Method cyclomaticComplexity="1" nPathComplexity="0" sequenceCoverage="100" branchCoverage="100" isConstructor="False" isGetter="False" isSetter="False" isStatic="True">
              <Summary numSequencePoints="5" visitedSequencePoints="5" numBranchPoints="0" visitedBranchPoints="0" sequenceCoverage="100" branchCoverage="100" maxCyclomaticComplexity="1" minCyclomaticComplexity="1" visitedClasses="0" numClasses="0" visitedMethods="1" numMethods="1" />
              <MetadataToken />
              <Name>Newtonsoft.Json.Linq.JObject EvidentInstruction.Helpers.Converter::CreateJson(System.String)</Name>
              <FileRef uid="4" />
              <SequencePoints>
                <SequencePoint vc="2" uspid="68" ordinal="0" sl="68" sc="1" el="68" ec="2" bec="0" bev="0" fileid="4" />
                <SequencePoint vc="1" uspid="69" ordinal="1" sl="69" sc="1" el="69" ec="2" bec="0" bev="0" fileid="4" />
                <SequencePoint vc="1" uspid="71" ordinal="2" sl="71" sc="1" el="71" ec="2" bec="0" bev="0" fileid="4" />
                <SequencePoint vc="1" uspid="72" ordinal="3" sl="72" sc="1" el="72" ec="2" bec="0" bev="0" fileid="4" />
                <SequencePoint vc="2" uspid="74" ordinal="4" sl="74" sc="1" el="74" ec="2" bec="0" bev="0" fileid="4" />
              </SequencePoints>
              <BranchPoints />
              <MethodPoint vc="5" uspid="0" p8:type="SequencePoint" ordinal="3" offset="3" sc="0" sl="68" ec="1" el="74" bec="0" bev="0" fileid="4" xmlns:p8="xsi" />
            </Method>
            <Method cyclomaticComplexity="2" nPathComplexity="0" sequenceCoverage="100" branchCoverage="100" isConstructor="False" isGetter="False" isSetter="False" isStatic="True">
              <Summary numSequencePoints="11" visitedSequencePoints="11" numBranchPoints="2" visitedBranchPoints="2" sequenceCoverage="100" branchCoverage="100" maxCyclomaticComplexity="2" minCyclomaticComplexity="2" visitedClasses="0" numClasses="0" visitedMethods="1" numMethods="1" />
              <MetadataToken />
              <Name>System.Xml.Linq.XDocument EvidentInstruction.Helpers.Converter::CreateCData(System.String)</Name>
              <FileRef uid="4" />
              <SequencePoints>
                <SequencePoint vc="3" uspid="80" ordinal="0" sl="80" sc="1" el="80" ec="2" bec="0" bev="0" fileid="4" />
                <SequencePoint vc="2" uspid="81" ordinal="1" sl="81" sc="1" el="81" ec="2" bec="2" bev="2" fileid="4" />
                <SequencePoint vc="1" uspid="83" ordinal="2" sl="83" sc="1" el="83" ec="2" bec="0" bev="0" fileid="4" />
                <SequencePoint vc="1" uspid="84" ordinal="3" sl="84" sc="1" el="84" ec="2" bec="0" bev="0" fileid="4" />
                <SequencePoint vc="1" uspid="86" ordinal="4" sl="86" sc="1" el="86" ec="2" bec="0" bev="0" fileid="4" />
                <SequencePoint vc="1" uspid="87" ordinal="5" sl="87" sc="1" el="87" ec="2" bec="0" bev="0" fileid="4" />
                <SequencePoint vc="1" uspid="88" ordinal="6" sl="88" sc="1" el="88" ec="2" bec="0" bev="0" fileid="4" />
                <SequencePoint vc="1" uspid="90" ordinal="7" sl="90" sc="1" el="90" ec="2" bec="0" bev="0" fileid="4" />
                <SequencePoint vc="1" uspid="92" ordinal="8" sl="92" sc="1" el="92" ec="2" bec="0" bev="0" fileid="4" />
                <SequencePoint vc="1" uspid="93" ordinal="9" sl="93" sc="1" el="93" ec="2" bec="0" bev="0" fileid="4" />
                <SequencePoint vc="3" uspid="95" ordinal="10" sl="95" sc="1" el="95" ec="2" bec="0" bev="0" fileid="4" />
              </SequencePoints>
              <BranchPoints>
                <BranchPoint vc="1" uspid="81" ordinal="0" path="0" offset="19" offsetend="21" sl="81" fileid="4" />
                <BranchPoint vc="1" uspid="81" ordinal="1" path="1" offset="19" offsetend="40" sl="81" fileid="4" />
              </BranchPoints>
              <MethodPoint vc="11" uspid="0" p8:type="SequencePoint" ordinal="4" offset="4" sc="0" sl="80" ec="1" el="95" bec="0" bev="0" fileid="4" xmlns:p8="xsi" />
            </Method>
          </Methods>
        </Class>
        <Class>
          <Summary numSequencePoints="4" visitedSequencePoints="4" numBranchPoints="0" visitedBranchPoints="0" sequenceCoverage="100" branchCoverage="100" maxCyclomaticComplexity="1" minCyclomaticComplexity="1" visitedClasses="1" numClasses="1" visitedMethods="1" numMethods="1" />
          <FullName>EvidentInstruction.Helpers.Credentials</FullName>
          <Methods>
            <Method cyclomaticComplexity="1" nPathComplexity="0" sequenceCoverage="100" branchCoverage="100" isConstructor="False" isGetter="False" isSetter="False" isStatic="True">
              <Summary numSequencePoints="4" visitedSequencePoints="4" numBranchPoints="0" visitedBranchPoints="0" sequenceCoverage="100" branchCoverage="100" maxCyclomaticComplexity="1" minCyclomaticComplexity="1" visitedClasses="0" numClasses="0" visitedMethods="1" numMethods="1" />
              <MetadataToken />
              <Name>System.Net.CredentialCache EvidentInstruction.Helpers.Credentials::CreateCredential(System.String,EvidentInstruction.Infrastructure.AuthType,System.String,System.String,System.String)</Name>
              <FileRef uid="5" />
              <SequencePoints>
                <SequencePoint vc="1" uspid="11" ordinal="0" sl="11" sc="1" el="11" ec="2" bec="0" bev="0" fileid="5" />
                <SequencePoint vc="1" uspid="12" ordinal="1" sl="12" sc="1" el="12" ec="2" bec="0" bev="0" fileid="5" />
                <SequencePoint vc="1" uspid="13" ordinal="2" sl="13" sc="1" el="13" ec="2" bec="0" bev="0" fileid="5" />
                <SequencePoint vc="1" uspid="14" ordinal="3" sl="14" sc="1" el="14" ec="2" bec="0" bev="0" fileid="5" />
              </SequencePoints>
              <BranchPoints />
              <MethodPoint vc="4" uspid="0" p8:type="SequencePoint" ordinal="0" offset="0" sc="0" sl="11" ec="1" el="14" bec="0" bev="0" fileid="5" xmlns:p8="xsi" />
            </Method>
          </Methods>
        </Class>
        <Class>
          <Summary numSequencePoints="80" visitedSequencePoints="80" numBranchPoints="66" visitedBranchPoints="64" sequenceCoverage="100" branchCoverage="96.96" maxCyclomaticComplexity="36" minCyclomaticComplexity="1" visitedClasses="1" numClasses="1" visitedMethods="18" numMethods="18" />
          <FullName>EvidentInstruction.Helpers.Generator</FullName>
          <Methods>
            <Method cyclomaticComplexity="1" nPathComplexity="0" sequenceCoverage="100" branchCoverage="100" isConstructor="False" isGetter="True" isSetter="False" isStatic="True">
              <Summary numSequencePoints="1" visitedSequencePoints="1" numBranchPoints="0" visitedBranchPoints="0" sequenceCoverage="100" branchCoverage="100" maxCyclomaticComplexity="1" minCyclomaticComplexity="1" visitedClasses="0" numClasses="0" visitedMethods="1" numMethods="1" />
              <MetadataToken />
              <Name>System.DateTime EvidentInstruction.Helpers.Generator::get_DefaultStart()</Name>
              <FileRef uid="6" />
              <SequencePoints>
                <SequencePoint vc="33" uspid="12" ordinal="0" sl="12" sc="1" el="12" ec="2" bec="0" bev="0" fileid="6" />
              </SequencePoints>
              <BranchPoints />
              <MethodPoint vc="1" uspid="0" p8:type="SequencePoint" ordinal="0" offset="0" sc="0" sl="12" ec="1" el="12" bec="0" bev="0" fileid="6" xmlns:p8="xsi" />
            </Method>
            <Method cyclomaticComplexity="1" nPathComplexity="0" sequenceCoverage="100" branchCoverage="100" isConstructor="False" isGetter="True" isSetter="False" isStatic="True">
              <Summary numSequencePoints="1" visitedSequencePoints="1" numBranchPoints="0" visitedBranchPoints="0" sequenceCoverage="100" branchCoverage="100" maxCyclomaticComplexity="1" minCyclomaticComplexity="1" visitedClasses="0" numClasses="0" visitedMethods="1" numMethods="1" />
              <MetadataToken />
              <Name>System.DateTime EvidentInstruction.Helpers.Generator::get_DefaultEnd()</Name>
              <FileRef uid="6" />
              <SequencePoints>
                <SequencePoint vc="3" uspid="13" ordinal="0" sl="13" sc="1" el="13" ec="2" bec="0" bev="0" fileid="6" />
              </SequencePoints>
              <BranchPoints />
              <MethodPoint vc="1" uspid="0" p8:type="SequencePoint" ordinal="1" offset="1" sc="0" sl="13" ec="1" el="13" bec="0" bev="0" fileid="6" xmlns:p8="xsi" />
            </Method>
            <Method cyclomaticComplexity="1" nPathComplexity="0" sequenceCoverage="100" branchCoverage="100" isConstructor="False" isGetter="True" isSetter="False" isStatic="True">
              <Summary numSequencePoints="1" visitedSequencePoints="1" numBranchPoints="0" visitedBranchPoints="0" sequenceCoverage="100" branchCoverage="100" maxCyclomaticComplexity="1" minCyclomaticComplexity="1" visitedClasses="0" numClasses="0" visitedMethods="1" numMethods="1" />
              <MetadataToken />
              <Name>System.String EvidentInstruction.Helpers.Generator::get_UpperChars()</Name>
              <FileRef uid="6" />
              <SequencePoints>
                <SequencePoint vc="17" uspid="17" ordinal="0" sl="17" sc="1" el="17" ec="2" bec="0" bev="0" fileid="6" />
              </SequencePoints>
              <BranchPoints />
              <MethodPoint vc="1" uspid="0" p8:type="SequencePoint" ordinal="2" offset="2" sc="0" sl="17" ec="1" el="17" bec="0" bev="0" fileid="6" xmlns:p8="xsi" />
            </Method>
            <Method cyclomaticComplexity="1" nPathComplexity="0" sequenceCoverage="100" branchCoverage="100" isConstructor="False" isGetter="True" isSetter="False" isStatic="True">
              <Summary numSequencePoints="1" visitedSequencePoints="1" numBranchPoints="0" visitedBranchPoints="0" sequenceCoverage="100" branchCoverage="100" maxCyclomaticComplexity="1" minCyclomaticComplexity="1" visitedClasses="0" numClasses="0" visitedMethods="1" numMethods="1" />
              <MetadataToken />
              <Name>System.String EvidentInstruction.Helpers.Generator::get_LowerChars()</Name>
              <FileRef uid="6" />
              <SequencePoints>
                <SequencePoint vc="17" uspid="18" ordinal="0" sl="18" sc="1" el="18" ec="2" bec="0" bev="0" fileid="6" />
              </SequencePoints>
              <BranchPoints />
              <MethodPoint vc="1" uspid="0" p8:type="SequencePoint" ordinal="3" offset="3" sc="0" sl="18" ec="1" el="18" bec="0" bev="0" fileid="6" xmlns:p8="xsi" />
            </Method>
            <Method cyclomaticComplexity="1" nPathComplexity="0" sequenceCoverage="100" branchCoverage="100" isConstructor="False" isGetter="True" isSetter="False" isStatic="True">
              <Summary numSequencePoints="1" visitedSequencePoints="1" numBranchPoints="0" visitedBranchPoints="0" sequenceCoverage="100" branchCoverage="100" maxCyclomaticComplexity="1" minCyclomaticComplexity="1" visitedClasses="0" numClasses="0" visitedMethods="1" numMethods="1" />
              <MetadataToken />
              <Name>System.String EvidentInstruction.Helpers.Generator::get_Numbers()</Name>
              <FileRef uid="6" />
              <SequencePoints>
                <SequencePoint vc="17" uspid="19" ordinal="0" sl="19" sc="1" el="19" ec="2" bec="0" bev="0" fileid="6" />
              </SequencePoints>
              <BranchPoints />
              <MethodPoint vc="1" uspid="0" p8:type="SequencePoint" ordinal="4" offset="4" sc="0" sl="19" ec="1" el="19" bec="0" bev="0" fileid="6" xmlns:p8="xsi" />
            </Method>
            <Method cyclomaticComplexity="2" nPathComplexity="0" sequenceCoverage="100" branchCoverage="100" isConstructor="False" isGetter="False" isSetter="False" isStatic="True">
              <Summary numSequencePoints="1" visitedSequencePoints="1" numBranchPoints="2" visitedBranchPoints="2" sequenceCoverage="100" branchCoverage="100" maxCyclomaticComplexity="2" minCyclomaticComplexity="2" visitedClasses="0" numClasses="0" visitedMethods="1" numMethods="1" />
              <MetadataToken />
              <Name>System.String EvidentInstruction.Helpers.Generator::GetRandomString(System.Int32,System.String)</Name>
              <FileRef uid="6" />
              <SequencePoints>
                <SequencePoint vc="8" uspid="23" ordinal="0" sl="23" sc="1" el="23" ec="2" bec="2" bev="2" fileid="6" />
              </SequencePoints>
              <BranchPoints>
                <BranchPoint vc="5" uspid="23" ordinal="0" path="0" offset="11" offsetend="13" sl="23" fileid="6" />
                <BranchPoint vc="3" uspid="23" ordinal="1" path="1" offset="11" offsetend="40" sl="23" fileid="6" />
              </BranchPoints>
              <MethodPoint vc="1" uspid="0" p8:type="SequencePoint" ordinal="5" offset="5" sc="0" sl="23" ec="1" el="23" bec="0" bev="0" fileid="6" xmlns:p8="xsi" />
            </Method>
            <Method cyclomaticComplexity="2" nPathComplexity="0" sequenceCoverage="100" branchCoverage="100" isConstructor="False" isGetter="False" isSetter="False" isStatic="True">
              <Summary numSequencePoints="1" visitedSequencePoints="1" numBranchPoints="2" visitedBranchPoints="2" sequenceCoverage="100" branchCoverage="100" maxCyclomaticComplexity="2" minCyclomaticComplexity="2" visitedClasses="0" numClasses="0" visitedMethods="1" numMethods="1" />
              <MetadataToken />
              <Name>System.String EvidentInstruction.Helpers.Generator::GetRandomChars(System.Int32,System.String)</Name>
              <FileRef uid="6" />
              <SequencePoints>
                <SequencePoint vc="8" uspid="27" ordinal="0" sl="27" sc="1" el="27" ec="2" bec="2" bev="2" fileid="6" />
              </SequencePoints>
              <BranchPoints>
                <BranchPoint vc="5" uspid="27" ordinal="0" path="0" offset="11" offsetend="13" sl="27" fileid="6" />
                <BranchPoint vc="3" uspid="27" ordinal="1" path="1" offset="11" offsetend="35" sl="27" fileid="6" />
              </BranchPoints>
              <MethodPoint vc="1" uspid="0" p8:type="SequencePoint" ordinal="6" offset="6" sc="0" sl="27" ec="1" el="27" bec="0" bev="0" fileid="6" xmlns:p8="xsi" />
            </Method>
            <Method cyclomaticComplexity="4" nPathComplexity="0" sequenceCoverage="100" branchCoverage="75" isConstructor="False" isGetter="False" isSetter="False" isStatic="True">
              <Summary numSequencePoints="2" visitedSequencePoints="2" numBranchPoints="4" visitedBranchPoints="3" sequenceCoverage="100" branchCoverage="75" maxCyclomaticComplexity="4" minCyclomaticComplexity="4" visitedClasses="0" numClasses="0" visitedMethods="1" numMethods="1" />
              <MetadataToken />
              <Name>System.String EvidentInstruction.Helpers.Generator::GetRandomNumbers(System.Int32,System.String,System.Boolean)</Name>
              <FileRef uid="6" />
              <SequencePoints>
                <SequencePoint vc="8" uspid="31" ordinal="0" sl="31" sc="1" el="31" ec="2" bec="2" bev="1" fileid="6" />
                <SequencePoint vc="8" uspid="32" ordinal="1" sl="32" sc="1" el="32" ec="2" bec="2" bev="2" fileid="6" />
              </SequencePoints>
              <BranchPoints>
                <BranchPoint vc="0" uspid="31" ordinal="0" path="0" offset="1" offsetend="3" sl="31" fileid="6" />
                <BranchPoint vc="8" uspid="31" ordinal="1" path="1" offset="1" offsetend="17" sl="31" fileid="6" />
                <BranchPoint vc="5" uspid="32" ordinal="2" path="0" offset="34" offsetend="36" sl="32" fileid="6" />
                <BranchPoint vc="3" uspid="32" ordinal="3" path="1" offset="34" offsetend="44" sl="32" fileid="6" />
              </BranchPoints>
              <MethodPoint vc="2" uspid="0" p8:type="SequencePoint" ordinal="7" offset="7" sc="0" sl="31" ec="1" el="32" bec="0" bev="0" fileid="6" xmlns:p8="xsi" />
            </Method>
            <Method cyclomaticComplexity="1" nPathComplexity="0" sequenceCoverage="100" branchCoverage="100" isConstructor="False" isGetter="False" isSetter="False" isStatic="True">
              <Summary numSequencePoints="1" visitedSequencePoints="1" numBranchPoints="0" visitedBranchPoints="0" sequenceCoverage="100" branchCoverage="100" maxCyclomaticComplexity="1" minCyclomaticComplexity="1" visitedClasses="0" numClasses="0" visitedMethods="1" numMethods="1" />
              <MetadataToken />
              <Name>System.String EvidentInstruction.Helpers.Generator::GetGuid()</Name>
              <FileRef uid="6" />
              <SequencePoints>
                <SequencePoint vc="1" uspid="36" ordinal="0" sl="36" sc="1" el="36" ec="2" bec="0" bev="0" fileid="6" />
              </SequencePoints>
              <BranchPoints />
              <MethodPoint vc="1" uspid="0" p8:type="SequencePoint" ordinal="8" offset="8" sc="0" sl="36" ec="1" el="36" bec="0" bev="0" fileid="6" xmlns:p8="xsi" />
            </Method>
            <Method cyclomaticComplexity="36" nPathComplexity="0" sequenceCoverage="100" branchCoverage="100" isConstructor="False" isGetter="False" isSetter="False" isStatic="True">
              <Summary numSequencePoints="17" visitedSequencePoints="17" numBranchPoints="36" visitedBranchPoints="36" sequenceCoverage="100" branchCoverage="100" maxCyclomaticComplexity="36" minCyclomaticComplexity="36" visitedClasses="0" numClasses="0" visitedMethods="1" numMethods="1" />
              <MetadataToken />
              <Name>System.String EvidentInstruction.Helpers.Generator::GetRandomPhone(System.String)</Name>
              <FileRef uid="6" />
              <SequencePoints>
                <SequencePoint vc="8" uspid="40" ordinal="0" sl="40" sc="1" el="40" ec="2" bec="0" bev="0" fileid="6" />
                <SequencePoint vc="8" uspid="41" ordinal="1" sl="41" sc="1" el="41" ec="2" bec="0" bev="0" fileid="6" />
                <SequencePoint vc="204" uspid="42" ordinal="2" sl="42" sc="1" el="42" ec="2" bec="2" bev="2" fileid="6" />
                <SequencePoint vc="95" uspid="44" ordinal="3" sl="44" sc="1" el="44" ec="2" bec="10" bev="10" fileid="6" />
                <SequencePoint vc="24" uspid="46" ordinal="4" sl="46" sc="1" el="46" ec="2" bec="0" bev="0" fileid="6" />
                <SequencePoint vc="24" uspid="47" ordinal="5" sl="47" sc="1" el="47" ec="2" bec="0" bev="0" fileid="6" />
                <SequencePoint vc="71" uspid="50" ordinal="6" sl="50" sc="1" el="50" ec="2" bec="2" bev="2" fileid="6" />
                <SequencePoint vc="2" uspid="52" ordinal="7" sl="52" sc="1" el="52" ec="2" bec="0" bev="0" fileid="6" />
                <SequencePoint vc="69" uspid="55" ordinal="8" sl="55" sc="1" el="55" ec="2" bec="20" bev="20" fileid="6" />
                <SequencePoint vc="69" uspid="56" ordinal="9" sl="56" sc="1" el="56" ec="2" bec="0" bev="0" fileid="6" />
                <SequencePoint vc="8" uspid="58" ordinal="10" sl="58" sc="1" el="58" ec="2" bec="0" bev="0" fileid="6" />
                <SequencePoint vc="8" uspid="59" ordinal="11" sl="59" sc="1" el="59" ec="2" bec="0" bev="0" fileid="6" />
                <SequencePoint vc="61" uspid="62" ordinal="12" sl="62" sc="1" el="62" ec="2" bec="0" bev="0" fileid="6" />
                <SequencePoint vc="69" uspid="65" ordinal="13" sl="65" sc="1" el="65" ec="2" bec="0" bev="0" fileid="6" />
                <SequencePoint vc="6" uspid="69" ordinal="14" sl="69" sc="1" el="69" ec="2" bec="2" bev="2" fileid="6" />
                <SequencePoint vc="2" uspid="71" ordinal="15" sl="71" sc="1" el="71" ec="2" bec="0" bev="0" fileid="6" />
                <SequencePoint vc="4" uspid="74" ordinal="16" sl="74" sc="1" el="74" ec="2" bec="0" bev="0" fileid="6" />
              </SequencePoints>
              <BranchPoints>
                <BranchPoint vc="95" uspid="42" ordinal="33" path="1" offset="208" offsetend="17" sl="42" fileid="6" />
                <BranchPoint vc="86" uspid="44" ordinal="0" path="0" offset="30" offsetend="32" sl="44" fileid="6" />
                <BranchPoint vc="81" uspid="44" ordinal="2" path="0" offset="36" offsetend="38" sl="44" fileid="6" />
                <BranchPoint vc="73" uspid="44" ordinal="4" path="0" offset="42" offsetend="44" sl="44" fileid="6" />
                <BranchPoint vc="72" uspid="44" ordinal="6" path="0" offset="48" offsetend="50" sl="44" fileid="6" />
                <BranchPoint vc="24" uspid="44" ordinal="1" path="1" offset="30" offsetend="56" sl="44" fileid="6" />
                <BranchPoint vc="24" uspid="44" ordinal="3" path="1" offset="36" offsetend="56" sl="44" fileid="6" />
                <BranchPoint vc="24" uspid="44" ordinal="5" path="1" offset="42" offsetend="56" sl="44" fileid="6" />
                <BranchPoint vc="24" uspid="44" ordinal="7" path="1" offset="48" offsetend="56" sl="44" fileid="6" />
                <BranchPoint vc="24" uspid="44" ordinal="8" path="0" offset="54" offsetend="56" sl="44" fileid="6" />
                <BranchPoint vc="71" uspid="44" ordinal="9" path="1" offset="54" offsetend="72" sl="44" fileid="6" />
                <BranchPoint vc="2" uspid="50" ordinal="10" path="0" offset="75" offsetend="77" sl="50" fileid="6" />
                <BranchPoint vc="69" uspid="50" ordinal="11" path="1" offset="75" offsetend="88" sl="50" fileid="6" />
                <BranchPoint vc="69" uspid="55" ordinal="12" path="0" offset="92" offsetend="94" sl="55" fileid="6" />
                <BranchPoint vc="69" uspid="55" ordinal="14" path="0" offset="98" offsetend="100" sl="55" fileid="6" />
                <BranchPoint vc="69" uspid="55" ordinal="16" path="0" offset="104" offsetend="106" sl="55" fileid="6" />
                <BranchPoint vc="69" uspid="55" ordinal="18" path="0" offset="110" offsetend="112" sl="55" fileid="6" />
                <BranchPoint vc="69" uspid="55" ordinal="20" path="0" offset="116" offsetend="118" sl="55" fileid="6" />
                <BranchPoint vc="69" uspid="55" ordinal="22" path="0" offset="122" offsetend="124" sl="55" fileid="6" />
                <BranchPoint vc="69" uspid="55" ordinal="24" path="0" offset="128" offsetend="130" sl="55" fileid="6" />
                <BranchPoint vc="61" uspid="55" ordinal="26" path="0" offset="134" offsetend="136" sl="55" fileid="6" />
                <BranchPoint vc="61" uspid="55" ordinal="28" path="0" offset="140" offsetend="142" sl="55" fileid="6" />
                <BranchPoint vc="8" uspid="55" ordinal="13" path="1" offset="92" offsetend="148" sl="55" fileid="6" />
                <BranchPoint vc="8" uspid="55" ordinal="15" path="1" offset="98" offsetend="148" sl="55" fileid="6" />
                <BranchPoint vc="8" uspid="55" ordinal="17" path="1" offset="104" offsetend="148" sl="55" fileid="6" />
                <BranchPoint vc="8" uspid="55" ordinal="19" path="1" offset="110" offsetend="148" sl="55" fileid="6" />
                <BranchPoint vc="8" uspid="55" ordinal="21" path="1" offset="116" offsetend="148" sl="55" fileid="6" />
                <BranchPoint vc="8" uspid="55" ordinal="23" path="1" offset="122" offsetend="148" sl="55" fileid="6" />
                <BranchPoint vc="8" uspid="55" ordinal="25" path="1" offset="128" offsetend="148" sl="55" fileid="6" />
                <BranchPoint vc="8" uspid="55" ordinal="27" path="1" offset="134" offsetend="148" sl="55" fileid="6" />
                <BranchPoint vc="8" uspid="55" ordinal="29" path="1" offset="140" offsetend="148" sl="55" fileid="6" />
                <BranchPoint vc="8" uspid="55" ordinal="30" path="0" offset="146" offsetend="148" sl="55" fileid="6" />
                <BranchPoint vc="61" uspid="55" ordinal="31" path="1" offset="146" offsetend="164" sl="55" fileid="6" />
                <BranchPoint vc="6" uspid="42" ordinal="32" path="0" offset="208" offsetend="213" sl="42" fileid="6" />
                <BranchPoint vc="2" uspid="69" ordinal="34" path="0" offset="215" offsetend="217" sl="69" fileid="6" />
                <BranchPoint vc="4" uspid="69" ordinal="35" path="1" offset="215" offsetend="228" sl="69" fileid="6" />
              </BranchPoints>
              <MethodPoint vc="17" uspid="0" p8:type="SequencePoint" ordinal="9" offset="9" sc="0" sl="40" ec="1" el="74" bec="0" bev="0" fileid="6" xmlns:p8="xsi" />
            </Method>
            <Method cyclomaticComplexity="1" nPathComplexity="0" sequenceCoverage="100" branchCoverage="100" isConstructor="False" isGetter="False" isSetter="False" isStatic="True">
              <Summary numSequencePoints="6" visitedSequencePoints="6" numBranchPoints="0" visitedBranchPoints="0" sequenceCoverage="100" branchCoverage="100" maxCyclomaticComplexity="1" minCyclomaticComplexity="1" visitedClasses="0" numClasses="0" visitedMethods="1" numMethods="1" />
              <MetadataToken />
              <Name>System.Nullable`1&lt;System.DateTime&gt; EvidentInstruction.Helpers.Generator::GetDate(System.Int32,System.Int32,System.Int32)</Name>
              <FileRef uid="6" />
              <SequencePoints>
                <SequencePoint vc="6" uspid="81" ordinal="0" sl="81" sc="1" el="81" ec="2" bec="0" bev="0" fileid="6" />
                <SequencePoint vc="3" uspid="82" ordinal="1" sl="82" sc="1" el="82" ec="2" bec="0" bev="0" fileid="6" />
                <SequencePoint vc="3" uspid="84" ordinal="2" sl="84" sc="1" el="84" ec="2" bec="0" bev="0" fileid="6" />
                <SequencePoint vc="3" uspid="86" ordinal="3" sl="86" sc="1" el="86" ec="2" bec="0" bev="0" fileid="6" />
                <SequencePoint vc="3" uspid="87" ordinal="4" sl="87" sc="1" el="87" ec="2" bec="0" bev="0" fileid="6" />
                <SequencePoint vc="6" uspid="89" ordinal="5" sl="89" sc="1" el="89" ec="2" bec="0" bev="0" fileid="6" />
              </SequencePoints>
              <BranchPoints />
              <MethodPoint vc="6" uspid="0" p8:type="SequencePoint" ordinal="10" offset="10" sc="0" sl="81" ec="1" el="89" bec="0" bev="0" fileid="6" xmlns:p8="xsi" />
            </Method>
            <Method cyclomaticComplexity="1" nPathComplexity="0" sequenceCoverage="100" branchCoverage="100" isConstructor="False" isGetter="False" isSetter="False" isStatic="True">
              <Summary numSequencePoints="7" visitedSequencePoints="7" numBranchPoints="0" visitedBranchPoints="0" sequenceCoverage="100" branchCoverage="100" maxCyclomaticComplexity="1" minCyclomaticComplexity="1" visitedClasses="0" numClasses="0" visitedMethods="1" numMethods="1" />
              <MetadataToken />
              <Name>System.Nullable`1&lt;System.DateTime&gt; EvidentInstruction.Helpers.Generator::GetTime(System.Int32,System.Int32,System.Int32,System.Int32)</Name>
              <FileRef uid="6" />
              <SequencePoints>
                <SequencePoint vc="12" uspid="94" ordinal="0" sl="94" sc="1" el="94" ec="2" bec="0" bev="0" fileid="6" />
                <SequencePoint vc="12" uspid="95" ordinal="1" sl="95" sc="1" el="95" ec="2" bec="0" bev="0" fileid="6" />
                <SequencePoint vc="6" uspid="96" ordinal="2" sl="96" sc="1" el="96" ec="2" bec="0" bev="0" fileid="6" />
                <SequencePoint vc="6" uspid="98" ordinal="3" sl="98" sc="1" el="98" ec="2" bec="0" bev="0" fileid="6" />
                <SequencePoint vc="6" uspid="100" ordinal="4" sl="100" sc="1" el="100" ec="2" bec="0" bev="0" fileid="6" />
                <SequencePoint vc="6" uspid="101" ordinal="5" sl="101" sc="1" el="101" ec="2" bec="0" bev="0" fileid="6" />
                <SequencePoint vc="12" uspid="103" ordinal="6" sl="103" sc="1" el="103" ec="2" bec="0" bev="0" fileid="6" />
              </SequencePoints>
              <BranchPoints />
              <MethodPoint vc="7" uspid="0" p8:type="SequencePoint" ordinal="11" offset="11" sc="0" sl="94" ec="1" el="103" bec="0" bev="0" fileid="6" xmlns:p8="xsi" />
            </Method>
            <Method cyclomaticComplexity="1" nPathComplexity="0" sequenceCoverage="100" branchCoverage="100" isConstructor="False" isGetter="False" isSetter="False" isStatic="True">
              <Summary numSequencePoints="6" visitedSequencePoints="6" numBranchPoints="0" visitedBranchPoints="0" sequenceCoverage="100" branchCoverage="100" maxCyclomaticComplexity="1" minCyclomaticComplexity="1" visitedClasses="0" numClasses="0" visitedMethods="1" numMethods="1" />
              <MetadataToken />
              <Name>System.Nullable`1&lt;System.DateTime&gt; EvidentInstruction.Helpers.Generator::GetDateTime(System.Int32,System.Int32,System.Int32,System.Int32,System.Int32,System.Int32,System.Int32)</Name>
              <FileRef uid="6" />
              <SequencePoints>
                <SequencePoint vc="15" uspid="108" ordinal="0" sl="108" sc="1" el="108" ec="2" bec="0" bev="0" fileid="6" />
                <SequencePoint vc="6" uspid="109" ordinal="1" sl="109" sc="1" el="109" ec="2" bec="0" bev="0" fileid="6" />
                <SequencePoint vc="9" uspid="111" ordinal="2" sl="111" sc="1" el="111" ec="2" bec="0" bev="0" fileid="6" />
                <SequencePoint vc="9" uspid="113" ordinal="3" sl="113" sc="1" el="113" ec="2" bec="0" bev="0" fileid="6" />
                <SequencePoint vc="9" uspid="114" ordinal="4" sl="114" sc="1" el="114" ec="2" bec="0" bev="0" fileid="6" />
                <SequencePoint vc="15" uspid="116" ordinal="5" sl="116" sc="1" el="116" ec="2" bec="0" bev="0" fileid="6" />
              </SequencePoints>
              <BranchPoints />
              <MethodPoint vc="6" uspid="0" p8:type="SequencePoint" ordinal="12" offset="12" sc="0" sl="108" ec="1" el="116" bec="0" bev="0" fileid="6" xmlns:p8="xsi" />
            </Method>
            <Method cyclomaticComplexity="1" nPathComplexity="0" sequenceCoverage="100" branchCoverage="100" isConstructor="False" isGetter="False" isSetter="False" isStatic="True">
              <Summary numSequencePoints="2" visitedSequencePoints="2" numBranchPoints="0" visitedBranchPoints="0" sequenceCoverage="100" branchCoverage="100" maxCyclomaticComplexity="1" minCyclomaticComplexity="1" visitedClasses="0" numClasses="0" visitedMethods="1" numMethods="1" />
              <MetadataToken />
              <Name>System.DateTime EvidentInstruction.Helpers.Generator::GetCurrentDateTime()</Name>
              <FileRef uid="6" />
              <SequencePoints>
                <SequencePoint vc="1" uspid="119" ordinal="0" sl="119" sc="1" el="119" ec="2" bec="0" bev="0" fileid="6" />
                <SequencePoint vc="1" uspid="120" ordinal="1" sl="120" sc="1" el="120" ec="2" bec="0" bev="0" fileid="6" />
              </SequencePoints>
              <BranchPoints />
              <MethodPoint vc="2" uspid="0" p8:type="SequencePoint" ordinal="13" offset="13" sc="0" sl="119" ec="1" el="120" bec="0" bev="0" fileid="6" xmlns:p8="xsi" />
            </Method>
            <Method cyclomaticComplexity="12" nPathComplexity="0" sequenceCoverage="100" branchCoverage="91.66" isConstructor="False" isGetter="False" isSetter="False" isStatic="True">
              <Summary numSequencePoints="14" visitedSequencePoints="14" numBranchPoints="12" visitedBranchPoints="11" sequenceCoverage="100" branchCoverage="91.66" maxCyclomaticComplexity="12" minCyclomaticComplexity="12" visitedClasses="0" numClasses="0" visitedMethods="1" numMethods="1" />
              <MetadataToken />
              <Name>System.Nullable`1&lt;System.DateTime&gt; EvidentInstruction.Helpers.Generator::GetOtherDate(System.Int32,System.Int32,System.Int32,System.Boolean,System.Nullable`1&lt;System.DateTime&gt;)</Name>
              <FileRef uid="6" />
              <SequencePoints>
                <SequencePoint vc="30" uspid="124" ordinal="0" sl="124" sc="1" el="124" ec="2" bec="0" bev="0" fileid="6" />
                <SequencePoint vc="45" uspid="125" ordinal="1" sl="125" sc="1" el="125" ec="2" bec="2" bev="2" fileid="6" />
                <SequencePoint vc="30" uspid="127" ordinal="2" sl="127" sc="1" el="127" ec="2" bec="0" bev="0" fileid="6" />
                <SequencePoint vc="30" uspid="128" ordinal="3" sl="128" sc="1" el="128" ec="2" bec="2" bev="2" fileid="6" />
                <SequencePoint vc="24" uspid="130" ordinal="4" sl="130" sc="1" el="130" ec="2" bec="0" bev="0" fileid="6" />
                <SequencePoint vc="24" uspid="131" ordinal="5" sl="131" sc="1" el="131" ec="2" bec="0" bev="0" fileid="6" />
                <SequencePoint vc="6" uspid="134" ordinal="6" sl="134" sc="1" el="134" ec="2" bec="0" bev="0" fileid="6" />
                <SequencePoint vc="30" uspid="137" ordinal="7" sl="137" sc="1" el="137" ec="2" bec="6" bev="6" fileid="6" />
                <SequencePoint vc="24" uspid="139" ordinal="8" sl="139" sc="1" el="139" ec="2" bec="2" bev="1" fileid="6" />
                <SequencePoint vc="24" uspid="140" ordinal="9" sl="140" sc="1" el="140" ec="2" bec="0" bev="0" fileid="6" />
                <SequencePoint vc="24" uspid="141" ordinal="10" sl="141" sc="1" el="141" ec="2" bec="0" bev="0" fileid="6" />
                <SequencePoint vc="24" uspid="142" ordinal="11" sl="142" sc="1" el="142" ec="2" bec="0" bev="0" fileid="6" />
                <SequencePoint vc="6" uspid="144" ordinal="12" sl="144" sc="1" el="144" ec="2" bec="0" bev="0" fileid="6" />
                <SequencePoint vc="6" uspid="145" ordinal="13" sl="145" sc="1" el="145" ec="2" bec="0" bev="0" fileid="6" />
              </SequencePoints>
              <BranchPoints>
                <BranchPoint vc="15" uspid="125" ordinal="0" path="0" offset="3" offsetend="5" sl="125" fileid="6" />
                <BranchPoint vc="30" uspid="125" ordinal="1" path="1" offset="3" offsetend="7" sl="125" fileid="6" />
                <BranchPoint vc="24" uspid="128" ordinal="2" path="0" offset="26" offsetend="28" sl="128" fileid="6" />
                <BranchPoint vc="6" uspid="128" ordinal="3" path="1" offset="26" offsetend="47" sl="128" fileid="6" />
                <BranchPoint vc="28" uspid="137" ordinal="4" path="0" offset="52" offsetend="54" sl="137" fileid="6" />
                <BranchPoint vc="26" uspid="137" ordinal="6" path="0" offset="56" offsetend="58" sl="137" fileid="6" />
                <BranchPoint vc="24" uspid="137" ordinal="8" path="0" offset="60" offsetend="62" sl="137" fileid="6" />
                <BranchPoint vc="0" uspid="139" ordinal="10" path="0" offset="69" offsetend="71" sl="139" fileid="6" />
                <BranchPoint vc="24" uspid="139" ordinal="11" path="1" offset="69" offsetend="81" sl="139" fileid="6" />
                <BranchPoint vc="6" uspid="137" ordinal="5" path="1" offset="52" offsetend="128" sl="137" fileid="6" />
                <BranchPoint vc="6" uspid="137" ordinal="7" path="1" offset="56" offsetend="128" sl="137" fileid="6" />
                <BranchPoint vc="6" uspid="137" ordinal="9" path="1" offset="60" offsetend="128" sl="137" fileid="6" />
              </BranchPoints>
              <MethodPoint vc="14" uspid="0" p8:type="SequencePoint" ordinal="14" offset="14" sc="0" sl="124" ec="1" el="145" bec="0" bev="0" fileid="6" xmlns:p8="xsi" />
            </Method>
            <Method cyclomaticComplexity="6" nPathComplexity="0" sequenceCoverage="100" branchCoverage="100" isConstructor="False" isGetter="False" isSetter="False" isStatic="True">
              <Summary numSequencePoints="9" visitedSequencePoints="9" numBranchPoints="6" visitedBranchPoints="6" sequenceCoverage="100" branchCoverage="100" maxCyclomaticComplexity="6" minCyclomaticComplexity="6" visitedClasses="0" numClasses="0" visitedMethods="1" numMethods="1" />
              <MetadataToken />
              <Name>System.Nullable`1&lt;System.DateTime&gt; EvidentInstruction.Helpers.Generator::GetRandomDateTime(System.Nullable`1&lt;System.DateTime&gt;,System.Nullable`1&lt;System.DateTime&gt;)</Name>
              <FileRef uid="6" />
              <SequencePoints>
                <SequencePoint vc="4" uspid="150" ordinal="0" sl="150" sc="1" el="150" ec="2" bec="0" bev="0" fileid="6" />
                <SequencePoint vc="4" uspid="151" ordinal="1" sl="151" sc="1" el="151" ec="2" bec="2" bev="2" fileid="6" />
                <SequencePoint vc="4" uspid="152" ordinal="2" sl="152" sc="1" el="152" ec="2" bec="2" bev="2" fileid="6" />
                <SequencePoint vc="4" uspid="154" ordinal="3" sl="154" sc="1" el="154" ec="2" bec="0" bev="0" fileid="6" />
                <SequencePoint vc="4" uspid="155" ordinal="4" sl="155" sc="1" el="155" ec="2" bec="0" bev="0" fileid="6" />
                <SequencePoint vc="4" uspid="156" ordinal="5" sl="156" sc="1" el="156" ec="2" bec="2" bev="2" fileid="6" />
                <SequencePoint vc="2" uspid="157" ordinal="6" sl="157" sc="1" el="157" ec="2" bec="0" bev="0" fileid="6" />
                <SequencePoint vc="4" uspid="159" ordinal="7" sl="159" sc="1" el="159" ec="2" bec="0" bev="0" fileid="6" />
                <SequencePoint vc="4" uspid="160" ordinal="8" sl="160" sc="1" el="160" ec="2" bec="0" bev="0" fileid="6" />
              </SequencePoints>
              <BranchPoints>
                <BranchPoint vc="1" uspid="151" ordinal="0" path="0" offset="18" offsetend="20" sl="151" fileid="6" />
                <BranchPoint vc="3" uspid="151" ordinal="1" path="1" offset="18" offsetend="27" sl="151" fileid="6" />
                <BranchPoint vc="1" uspid="152" ordinal="2" path="0" offset="51" offsetend="53" sl="152" fileid="6" />
                <BranchPoint vc="3" uspid="152" ordinal="3" path="1" offset="51" offsetend="60" sl="152" fileid="6" />
                <BranchPoint vc="2" uspid="156" ordinal="4" path="0" offset="103" offsetend="105" sl="156" fileid="6" />
                <BranchPoint vc="4" uspid="156" ordinal="5" path="1" offset="103" offsetend="118" sl="156" fileid="6" />
              </BranchPoints>
              <MethodPoint vc="9" uspid="0" p8:type="SequencePoint" ordinal="15" offset="15" sc="0" sl="150" ec="1" el="160" bec="0" bev="0" fileid="6" xmlns:p8="xsi" />
            </Method>
            <Method cyclomaticComplexity="4" nPathComplexity="0" sequenceCoverage="100" branchCoverage="100" isConstructor="False" isGetter="False" isSetter="False" isStatic="True">
              <Summary numSequencePoints="7" visitedSequencePoints="7" numBranchPoints="4" visitedBranchPoints="4" sequenceCoverage="100" branchCoverage="100" maxCyclomaticComplexity="4" minCyclomaticComplexity="4" visitedClasses="0" numClasses="0" visitedMethods="1" numMethods="1" />
              <MetadataToken />
              <Name>System.String EvidentInstruction.Helpers.Generator::RandomString(System.Int32,System.String)</Name>
              <FileRef uid="6" />
              <SequencePoints>
                <SequencePoint vc="24" uspid="165" ordinal="0" sl="165" sc="1" el="165" ec="2" bec="0" bev="0" fileid="6" />
                <SequencePoint vc="24" uspid="166" ordinal="1" sl="166" sc="1" el="166" ec="2" bec="2" bev="2" fileid="6" />
                <SequencePoint vc="6" uspid="168" ordinal="2" sl="168" sc="1" el="168" ec="2" bec="0" bev="0" fileid="6" />
                <SequencePoint vc="6" uspid="169" ordinal="3" sl="169" sc="1" el="169" ec="2" bec="0" bev="0" fileid="6" />
                <SequencePoint vc="192" uspid="172" ordinal="4" sl="172" sc="1" el="172" ec="2" bec="2" bev="2" fileid="6" />
                <SequencePoint vc="78" uspid="174" ordinal="5" sl="174" sc="1" el="174" ec="2" bec="0" bev="0" fileid="6" />
                <SequencePoint vc="18" uspid="177" ordinal="6" sl="177" sc="1" el="177" ec="2" bec="0" bev="0" fileid="6" />
              </SequencePoints>
              <BranchPoints>
                <BranchPoint vc="6" uspid="166" ordinal="0" path="0" offset="8" offsetend="10" sl="166" fileid="6" />
                <BranchPoint vc="18" uspid="166" ordinal="1" path="1" offset="8" offsetend="36" sl="166" fileid="6" />
                <BranchPoint vc="78" uspid="172" ordinal="3" path="1" offset="84" offsetend="40" sl="172" fileid="6" />
                <BranchPoint vc="18" uspid="172" ordinal="2" path="0" offset="84" offsetend="86" sl="172" fileid="6" />
              </BranchPoints>
              <MethodPoint vc="7" uspid="0" p8:type="SequencePoint" ordinal="16" offset="16" sc="0" sl="165" ec="1" el="177" bec="0" bev="0" fileid="6" xmlns:p8="xsi" />
            </Method>
            <Method cyclomaticComplexity="1" nPathComplexity="0" sequenceCoverage="100" branchCoverage="100" isConstructor="True" isGetter="False" isSetter="False" isStatic="True">
              <Summary numSequencePoints="2" visitedSequencePoints="2" numBranchPoints="0" visitedBranchPoints="0" sequenceCoverage="100" branchCoverage="100" maxCyclomaticComplexity="1" minCyclomaticComplexity="1" visitedClasses="0" numClasses="0" visitedMethods="1" numMethods="1" />
              <MetadataToken />
              <Name>System.Void EvidentInstruction.Helpers.Generator::.cctor()</Name>
              <FileRef uid="6" />
              <SequencePoints>
                <SequencePoint vc="1" uspid="10" ordinal="0" sl="10" sc="1" el="10" ec="2" bec="0" bev="0" fileid="6" />
                <SequencePoint vc="1" uspid="15" ordinal="1" sl="15" sc="1" el="15" ec="2" bec="0" bev="0" fileid="6" />
              </SequencePoints>
              <BranchPoints />
              <MethodPoint vc="2" uspid="0" p8:type="SequencePoint" ordinal="17" offset="17" sc="0" sl="10" ec="1" el="15" bec="0" bev="0" fileid="6" xmlns:p8="xsi" />
            </Method>
          </Methods>
        </Class>
        <Class>
          <Summary numSequencePoints="36" visitedSequencePoints="36" numBranchPoints="10" visitedBranchPoints="10" sequenceCoverage="100" branchCoverage="100" maxCyclomaticComplexity="6" minCyclomaticComplexity="2" visitedClasses="1" numClasses="1" visitedMethods="3" numMethods="3" />
          <FullName>EvidentInstruction.Helpers.Message</FullName>
          <Methods>
            <Method cyclomaticComplexity="2" nPathComplexity="0" sequenceCoverage="100" branchCoverage="100" isConstructor="False" isGetter="False" isSetter="False" isStatic="True">
              <Summary numSequencePoints="10" visitedSequencePoints="10" numBranchPoints="2" visitedBranchPoints="2" sequenceCoverage="100" branchCoverage="100" maxCyclomaticComplexity="2" minCyclomaticComplexity="2" visitedClasses="0" numClasses="0" visitedMethods="1" numMethods="1" />
              <MetadataToken />
              <Name>System.String EvidentInstruction.Helpers.Message::CreateMessage(System.Collections.Generic.IEnumerable`1&lt;System.String&gt;)</Name>
              <FileRef uid="7" />
              <SequencePoints>
                <SequencePoint vc="5" uspid="14" ordinal="0" sl="14" sc="1" el="14" ec="2" bec="2" bev="2" fileid="7" />
                <SequencePoint vc="3" uspid="16" ordinal="1" sl="16" sc="1" el="16" ec="2" bec="0" bev="0" fileid="7" />
                <SequencePoint vc="5" uspid="17" ordinal="2" sl="17" sc="1" el="17" ec="2" bec="0" bev="0" fileid="7" />
                <SequencePoint vc="3" uspid="18" ordinal="3" sl="18" sc="1" el="18" ec="2" bec="0" bev="0" fileid="7" />
[...]
                <BranchPoint vc="2" uspid="177" ordinal="21" path="1" offset="440" offsetend="445" sl="177" fileid="14" />
                <BranchPoint vc="0" uspid="177" ordinal="22" path="0" offset="454" offsetend="456" sl="177" fileid="14" />
                <BranchPoint vc="2" uspid="177" ordinal="23" path="1" offset="454" offsetend="462" sl="177" fileid="14" />
                <BranchPoint vc="0" uspid="177" ordinal="24" path="0" offset="468" offsetend="470" sl="177" fileid="14" />
                <BranchPoint vc="2" uspid="177" ordinal="25" path="1" offset="468" offsetend="473" sl="177" fileid="14" />
                <BranchPoint vc="55" uspid="174" ordinal="19" path="1" offset="396" offsetend="480" sl="174" fileid="14" />
                <BranchPoint vc="5" uspid="180" ordinal="26" path="0" offset="497" offsetend="499" sl="180" fileid="14" />
                <BranchPoint vc="0" uspid="183" ordinal="28" path="0" offset="512" offsetend="514" sl="183" fileid="14" />
                <BranchPoint vc="5" uspid="183" ordinal="29" path="1" offset="512" offsetend="517" sl="183" fileid="14" />
                <BranchPoint vc="0" uspid="183" ordinal="30" path="0" offset="526" offsetend="528" sl="183" fileid="14" />
                <BranchPoint vc="5" uspid="183" ordinal="31" path="1" offset="526" offsetend="534" sl="183" fileid="14" />
                <BranchPoint vc="0" uspid="183" ordinal="32" path="0" offset="540" offsetend="542" sl="183" fileid="14" />
                <BranchPoint vc="5" uspid="183" ordinal="33" path="1" offset="540" offsetend="544" sl="183" fileid="14" />
                <BranchPoint vc="50" uspid="180" ordinal="27" path="1" offset="497" offsetend="551" sl="180" fileid="14" />
                <BranchPoint vc="5" uspid="186" ordinal="34" path="0" offset="568" offsetend="570" sl="186" fileid="14" />
                <BranchPoint vc="0" uspid="189" ordinal="36" path="0" offset="583" offsetend="585" sl="189" fileid="14" />
                <BranchPoint vc="5" uspid="189" ordinal="37" path="1" offset="583" offsetend="588" sl="189" fileid="14" />
                <BranchPoint vc="0" uspid="189" ordinal="38" path="0" offset="597" offsetend="599" sl="189" fileid="14" />
                <BranchPoint vc="5" uspid="189" ordinal="39" path="1" offset="597" offsetend="605" sl="189" fileid="14" />
                <BranchPoint vc="0" uspid="189" ordinal="40" path="0" offset="611" offsetend="613" sl="189" fileid="14" />
                <BranchPoint vc="5" uspid="189" ordinal="41" path="1" offset="611" offsetend="615" sl="189" fileid="14" />
                <BranchPoint vc="45" uspid="186" ordinal="35" path="1" offset="568" offsetend="622" sl="186" fileid="14" />
                <BranchPoint vc="9" uspid="192" ordinal="42" path="0" offset="639" offsetend="641" sl="192" fileid="14" />
                <BranchPoint vc="2" uspid="194" ordinal="44" path="0" offset="650" offsetend="652" sl="194" fileid="14" />
                <BranchPoint vc="9" uspid="194" ordinal="45" path="1" offset="650" offsetend="658" sl="194" fileid="14" />
                <BranchPoint vc="36" uspid="192" ordinal="43" path="1" offset="639" offsetend="670" sl="192" fileid="14" />
                <BranchPoint vc="9" uspid="197" ordinal="46" path="0" offset="687" offsetend="689" sl="197" fileid="14" />
                <BranchPoint vc="2" uspid="199" ordinal="48" path="0" offset="698" offsetend="700" sl="199" fileid="14" />
                <BranchPoint vc="9" uspid="199" ordinal="49" path="1" offset="698" offsetend="706" sl="199" fileid="14" />
                <BranchPoint vc="27" uspid="197" ordinal="47" path="1" offset="687" offsetend="718" sl="197" fileid="14" />
                <BranchPoint vc="3" uspid="204" ordinal="50" path="0" offset="736" offsetend="738" sl="204" fileid="14" />
                <BranchPoint vc="1" uspid="206" ordinal="52" path="0" offset="749" offsetend="751" sl="206" fileid="14" />
                <BranchPoint vc="2" uspid="206" ordinal="53" path="1" offset="749" offsetend="765" sl="206" fileid="14" />
                <BranchPoint vc="1" uspid="210" ordinal="54" path="0" offset="773" offsetend="775" sl="210" fileid="14" />
                <BranchPoint vc="1" uspid="210" ordinal="55" path="1" offset="773" offsetend="802" sl="210" fileid="14" />
                <BranchPoint vc="24" uspid="204" ordinal="51" path="1" offset="736" offsetend="827" sl="204" fileid="14" />
                <BranchPoint vc="19" uspid="217" ordinal="56" path="0" offset="844" offsetend="846" sl="217" fileid="14" />
                <BranchPoint vc="5" uspid="217" ordinal="57" path="1" offset="844" offsetend="855" sl="217" fileid="14" />
                <BranchPoint vc="4" uspid="222" ordinal="58" path="0" offset="866" offsetend="868" sl="222" fileid="14" />
                <BranchPoint vc="1" uspid="222" ordinal="59" path="1" offset="866" offsetend="881" sl="222" fileid="14" />
                <BranchPoint vc="1" uspid="222" ordinal="60" path="0" offset="879" offsetend="881" sl="222" fileid="14" />
                <BranchPoint vc="4" uspid="222" ordinal="61" path="1" offset="879" offsetend="890" sl="222" fileid="14" />
                <BranchPoint vc="1" uspid="227" ordinal="62" path="0" offset="932" offsetend="934" sl="227" fileid="14" />
                <BranchPoint vc="4" uspid="227" ordinal="63" path="1" offset="932" offsetend="936" sl="227" fileid="14" />
                <BranchPoint vc="1" uspid="238" ordinal="64" path="0" offset="990" offsetend="992" sl="238" fileid="14" />
                <BranchPoint vc="2" uspid="238" ordinal="65" path="1" offset="990" offsetend="1001" sl="238" fileid="14" />
                <BranchPoint vc="1" uspid="243" ordinal="66" path="0" offset="1049" offsetend="1051" sl="243" fileid="14" />
                <BranchPoint vc="1" uspid="243" ordinal="67" path="1" offset="1049" offsetend="1101" sl="243" fileid="14" />
              </BranchPoints>
              <MethodPoint vc="61" uspid="0" p8:type="SequencePoint" ordinal="4" offset="4" sc="0" sl="131" ec="1" el="256" bec="0" bev="0" fileid="14" xmlns:p8="xsi" />
            </Method>
            <Method cyclomaticComplexity="20" nPathComplexity="0" sequenceCoverage="100" branchCoverage="100" isConstructor="False" isGetter="False" isSetter="False" isStatic="True">
              <Summary numSequencePoints="20" visitedSequencePoints="20" numBranchPoints="20" visitedBranchPoints="20" sequenceCoverage="100" branchCoverage="100" maxCyclomaticComplexity="20" minCyclomaticComplexity="20" visitedClasses="0" numClasses="0" visitedMethods="1" numMethods="1" />
              <MetadataToken />
              <Name>System.String EvidentInstruction.Controllers.VariableController::GetVariableValueText(System.String)</Name>
              <FileRef uid="14" />
              <SequencePoints>
                <SequencePoint vc="22" uspid="259" ordinal="0" sl="259" sc="1" el="259" ec="2" bec="0" bev="0" fileid="14" />
                <SequencePoint vc="22" uspid="261" ordinal="1" sl="261" sc="1" el="261" ec="2" bec="2" bev="2" fileid="14" />
                <SequencePoint vc="3" uspid="263" ordinal="2" sl="263" sc="1" el="263" ec="2" bec="8" bev="8" fileid="14" />
                <SequencePoint vc="5" uspid="269" ordinal="3" sl="269" sc="1" el="269" ec="2" bec="2" bev="2" fileid="14" />
                <SequencePoint vc="2" uspid="271" ordinal="4" sl="271" sc="1" el="271" ec="2" bec="0" bev="0" fileid="14" />
                <SequencePoint vc="2" uspid="272" ordinal="5" sl="272" sc="1" el="272" ec="2" bec="0" bev="0" fileid="14" />
                <SequencePoint vc="3" uspid="274" ordinal="6" sl="274" sc="1" el="274" ec="2" bec="2" bev="2" fileid="14" />
                <SequencePoint vc="3" uspid="276" ordinal="7" sl="276" sc="1" el="276" ec="2" bec="0" bev="0" fileid="14" />
                <SequencePoint vc="3" uspid="277" ordinal="8" sl="277" sc="1" el="277" ec="2" bec="0" bev="0" fileid="14" />
                <SequencePoint vc="5" uspid="280" ordinal="9" sl="280" sc="1" el="280" ec="2" bec="2" bev="2" fileid="14" />
                <SequencePoint vc="2" uspid="282" ordinal="10" sl="282" sc="1" el="282" ec="2" bec="0" bev="0" fileid="14" />
                <SequencePoint vc="2" uspid="283" ordinal="11" sl="283" sc="1" el="283" ec="2" bec="0" bev="0" fileid="14" />
                <SequencePoint vc="3" uspid="285" ordinal="12" sl="285" sc="1" el="285" ec="2" bec="2" bev="2" fileid="14" />
                <SequencePoint vc="3" uspid="287" ordinal="13" sl="287" sc="1" el="287" ec="2" bec="0" bev="0" fileid="14" />
                <SequencePoint vc="3" uspid="288" ordinal="14" sl="288" sc="1" el="288" ec="2" bec="0" bev="0" fileid="14" />
                <SequencePoint vc="6" uspid="291" ordinal="15" sl="291" sc="1" el="291" ec="2" bec="2" bev="2" fileid="14" />
                <SequencePoint vc="2" uspid="293" ordinal="16" sl="293" sc="1" el="293" ec="2" bec="0" bev="0" fileid="14" />
                <SequencePoint vc="2" uspid="294" ordinal="17" sl="294" sc="1" el="294" ec="2" bec="0" bev="0" fileid="14" />
                <SequencePoint vc="7" uspid="298" ordinal="18" sl="298" sc="1" el="298" ec="2" bec="0" bev="0" fileid="14" />
                <SequencePoint vc="13" uspid="302" ordinal="19" sl="302" sc="1" el="302" ec="2" bec="0" bev="0" fileid="14" />
              </SequencePoints>
              <BranchPoints>
                <BranchPoint vc="3" uspid="261" ordinal="0" path="0" offset="9" offsetend="11" sl="261" fileid="14" />
                <BranchPoint vc="19" uspid="261" ordinal="1" path="1" offset="9" offsetend="13" sl="261" fileid="14" />
                <BranchPoint vc="14" uspid="263" ordinal="2" path="0" offset="21" offsetend="23" sl="263" fileid="14" />
                <BranchPoint vc="3" uspid="280" ordinal="15" path="1" offset="157" offsetend="35" sl="280" fileid="14" />
                <BranchPoint vc="9" uspid="263" ordinal="4" path="0" offset="31" offsetend="52" sl="263" fileid="14" />
                <BranchPoint vc="5" uspid="263" ordinal="3" path="1" offset="21" offsetend="72" sl="263" fileid="14" />
                <BranchPoint vc="2" uspid="269" ordinal="10" path="0" offset="78" offsetend="80" sl="269" fileid="14" />
                <BranchPoint vc="3" uspid="269" ordinal="11" path="1" offset="78" offsetend="92" sl="269" fileid="14" />
                <BranchPoint vc="3" uspid="274" ordinal="12" path="0" offset="98" offsetend="103" sl="274" fileid="14" />
                <BranchPoint vc="5" uspid="263" ordinal="5" path="1" offset="31" offsetend="131" sl="263" fileid="14" />
                <BranchPoint vc="2" uspid="280" ordinal="14" path="0" offset="157" offsetend="159" sl="280" fileid="14" />
                <BranchPoint vc="3" uspid="263" ordinal="7" path="1" offset="45" offsetend="173" sl="263" fileid="14" />
                <BranchPoint vc="3" uspid="285" ordinal="16" path="0" offset="180" offsetend="182" sl="285" fileid="14" />
                <BranchPoint vc="6" uspid="263" ordinal="9" path="1" offset="62" offsetend="210" sl="263" fileid="14" />
                <BranchPoint vc="2" uspid="291" ordinal="18" path="0" offset="217" offsetend="219" sl="291" fileid="14" />
                <BranchPoint vc="7" uspid="263" ordinal="6" path="0" offset="45" offsetend="234" sl="263" fileid="14" />
                <BranchPoint vc="7" uspid="263" ordinal="8" path="0" offset="62" offsetend="234" sl="263" fileid="14" />
                <BranchPoint vc="7" uspid="274" ordinal="13" path="1" offset="98" offsetend="234" sl="274" fileid="14" />
                <BranchPoint vc="7" uspid="285" ordinal="17" path="1" offset="180" offsetend="234" sl="285" fileid="14" />
                <BranchPoint vc="7" uspid="291" ordinal="19" path="1" offset="217" offsetend="234" sl="291" fileid="14" />
              </BranchPoints>
              <MethodPoint vc="20" uspid="0" p8:type="SequencePoint" ordinal="5" offset="5" sc="0" sl="259" ec="1" el="302" bec="0" bev="0" fileid="14" xmlns:p8="xsi" />
            </Method>
            <Method cyclomaticComplexity="1" nPathComplexity="0" sequenceCoverage="100" branchCoverage="100" isConstructor="False" isGetter="False" isSetter="False" isStatic="True">
              <Summary numSequencePoints="1" visitedSequencePoints="1" numBranchPoints="0" visitedBranchPoints="0" sequenceCoverage="100" branchCoverage="100" maxCyclomaticComplexity="1" minCyclomaticComplexity="1" visitedClasses="0" numClasses="0" visitedMethods="1" numMethods="1" />
              <MetadataToken />
              <Name>System.String EvidentInstruction.Controllers.VariableController::ReplaceVariables(System.String,System.Func`2&lt;System.Object,System.String&gt;,System.Func`2&lt;System.String,System.String&gt;)</Name>
              <FileRef uid="14" />
              <SequencePoints>
                <SequencePoint vc="9" uspid="307" ordinal="0" sl="307" sc="1" el="307" ec="2" bec="0" bev="0" fileid="14" />
              </SequencePoints>
              <BranchPoints />
              <MethodPoint vc="1" uspid="0" p8:type="SequencePoint" ordinal="6" offset="6" sc="0" sl="307" ec="1" el="307" bec="0" bev="0" fileid="14" xmlns:p8="xsi" />
            </Method>
            <Method cyclomaticComplexity="14" nPathComplexity="0" sequenceCoverage="100" branchCoverage="71.42" isConstructor="False" isGetter="False" isSetter="False" isStatic="True">
              <Summary numSequencePoints="20" visitedSequencePoints="20" numBranchPoints="14" visitedBranchPoints="10" sequenceCoverage="100" branchCoverage="71.42" maxCyclomaticComplexity="14" minCyclomaticComplexity="14" visitedClasses="0" numClasses="0" visitedMethods="1" numMethods="1" />
              <MetadataToken />
              <Name>System.String EvidentInstruction.Controllers.VariableController::ReplaceVariables(System.String,System.String,System.Func`2&lt;System.Object,System.String&gt;,System.Func`2&lt;System.String,System.String&gt;)</Name>
              <FileRef uid="14" />
              <SequencePoints>
                <SequencePoint vc="9" uspid="313" ordinal="0" sl="313" sc="1" el="313" ec="2" bec="2" bev="1" fileid="14" />
                <SequencePoint vc="9" uspid="314" ordinal="1" sl="314" sc="1" el="314" ec="2" bec="0" bev="0" fileid="14" />
                <SequencePoint vc="9" uspid="315" ordinal="2" sl="315" sc="1" el="315" ec="2" bec="0" bev="0" fileid="14" />
                <SequencePoint vc="9" uspid="316" ordinal="3" sl="316" sc="1" el="316" ec="2" bec="0" bev="0" fileid="14" />
                <SequencePoint vc="9" uspid="317" ordinal="4" sl="317" sc="1" el="317" ec="2" bec="0" bev="0" fileid="14" />
                <SequencePoint vc="25" uspid="318" ordinal="5" sl="318" sc="1" el="318" ec="2" bec="4" bev="4" fileid="14" />
                <SequencePoint vc="9" uspid="319" ordinal="6" sl="319" sc="1" el="319" ec="2" bec="0" bev="0" fileid="14" />
                <SequencePoint vc="10" uspid="320" ordinal="7" sl="320" sc="1" el="320" ec="2" bec="2" bev="1" fileid="14" />
                <SequencePoint vc="9" uspid="321" ordinal="8" sl="321" sc="1" el="321" ec="2" bec="0" bev="0" fileid="14" />
                <SequencePoint vc="9" uspid="322" ordinal="9" sl="322" sc="1" el="322" ec="2" bec="0" bev="0" fileid="14" />
                <SequencePoint vc="24" uspid="323" ordinal="10" sl="323" sc="1" el="323" ec="2" bec="2" bev="2" fileid="14" />
                <SequencePoint vc="9" uspid="324" ordinal="11" sl="324" sc="1" el="324" ec="2" bec="0" bev="0" fileid="14" />
                <SequencePoint vc="10" uspid="325" ordinal="12" sl="325" sc="1" el="325" ec="2" bec="2" bev="1" fileid="14" />
                <SequencePoint vc="9" uspid="326" ordinal="13" sl="326" sc="1" el="326" ec="2" bec="0" bev="0" fileid="14" />
                <SequencePoint vc="9" uspid="327" ordinal="14" sl="327" sc="1" el="327" ec="2" bec="0" bev="0" fileid="14" />
                <SequencePoint vc="23" uspid="328" ordinal="15" sl="328" sc="1" el="328" ec="2" bec="0" bev="0" fileid="14" />
                <SequencePoint vc="23" uspid="329" ordinal="16" sl="329" sc="1" el="329" ec="2" bec="2" bev="1" fileid="14" />
                <SequencePoint vc="9" uspid="330" ordinal="17" sl="330" sc="1" el="330" ec="2" bec="0" bev="0" fileid="14" />
                <SequencePoint vc="9" uspid="331" ordinal="18" sl="331" sc="1" el="331" ec="2" bec="0" bev="0" fileid="14" />
                <SequencePoint vc="9" uspid="332" ordinal="19" sl="332" sc="1" el="332" ec="2" bec="0" bev="0" fileid="14" />
              </SequencePoints>
              <BranchPoints>
                <BranchPoint vc="0" uspid="313" ordinal="0" path="0" offset="30" offsetend="32" sl="313" fileid="14" />
                <BranchPoint vc="9" uspid="313" ordinal="1" path="1" offset="30" offsetend="38" sl="313" fileid="14" />
                <BranchPoint vc="15" uspid="318" ordinal="0" path="0" offset="23" offsetend="25" sl="318" fileid="14" />
                <BranchPoint vc="1" uspid="318" ordinal="1" path="1" offset="23" offsetend="52" sl="318" fileid="14" />
                <BranchPoint vc="1" uspid="318" ordinal="2" path="0" offset="50" offsetend="52" sl="318" fileid="14" />
                <BranchPoint vc="0" uspid="320" ordinal="4" path="0" offset="70" offsetend="72" sl="320" fileid="14" />
                <BranchPoint vc="1" uspid="320" ordinal="5" path="1" offset="70" offsetend="78" sl="320" fileid="14" />
                <BranchPoint vc="15" uspid="318" ordinal="3" path="1" offset="50" offsetend="79" sl="318" fileid="14" />
                <BranchPoint vc="1" uspid="323" ordinal="6" path="0" offset="107" offsetend="109" sl="323" fileid="14" />
                <BranchPoint vc="1" uspid="325" ordinal="8" path="0" offset="115" offsetend="117" sl="325" fileid="14" />
                <BranchPoint vc="0" uspid="325" ordinal="9" path="1" offset="115" offsetend="135" sl="325" fileid="14" />
                <BranchPoint vc="14" uspid="323" ordinal="7" path="1" offset="107" offsetend="164" sl="323" fileid="14" />
                <BranchPoint vc="14" uspid="329" ordinal="10" path="0" offset="204" offsetend="206" sl="329" fileid="14" />
                <BranchPoint vc="0" uspid="329" ordinal="11" path="1" offset="204" offsetend="218" sl="329" fileid="14" />
              </BranchPoints>
              <MethodPoint vc="20" uspid="0" p8:type="SequencePoint" ordinal="7" offset="7" sc="0" sl="313" ec="1" el="332" bec="0" bev="0" fileid="14" xmlns:p8="xsi" />
            </Method>
            <Method cyclomaticComplexity="1" nPathComplexity="0" sequenceCoverage="100" branchCoverage="100" isConstructor="True" isGetter="False" isSetter="False" isStatic="True">
              <Summary numSequencePoints="3" visitedSequencePoints="3" numBranchPoints="0" visitedBranchPoints="0" sequenceCoverage="100" branchCoverage="100" maxCyclomaticComplexity="1" minCyclomaticComplexity="1" visitedClasses="0" numClasses="0" visitedMethods="1" numMethods="1" />
              <MetadataToken />
              <Name>System.Void EvidentInstruction.Controllers.VariableController::.ctor()</Name>
              <FileRef uid="14" />
              <SequencePoints>
                <SequencePoint vc="89" uspid="22" ordinal="0" sl="22" sc="1" el="22" ec="2" bec="0" bev="0" fileid="14" />
                <SequencePoint vc="89" uspid="24" ordinal="1" sl="24" sc="1" el="24" ec="2" bec="0" bev="0" fileid="14" />
                <SequencePoint vc="89" uspid="25" ordinal="2" sl="25" sc="1" el="25" ec="2" bec="0" bev="0" fileid="14" />
              </SequencePoints>
              <BranchPoints />
              <MethodPoint vc="3" uspid="0" p8:type="SequencePoint" ordinal="8" offset="8" sc="0" sl="22" ec="1" el="25" bec="0" bev="0" fileid="14" xmlns:p8="xsi" />
            </Method>
          </Methods>
        </Class>
      </Classes>
    </Module>
  </Modules>
</CoverageSession>